2024-03-07 14:57:44,519 [INFO] Activator:176 - 


2024-03-07 14:57:44,523 [INFO] Activator:177 - !SESSION log4j initialized
2024-03-07 14:57:47,696 [INFO] LogOutputStream:77 - [STDOUT_REDIRECT] 
2024-03-07 14:58:00,665 [INFO] ApplicationProperties:184 - Using Application install path: C:\ST\STM32CubeIDE_1.13.1\STM32CubeIDE\plugins\com.st.stm32cube.common.mx_6.9.1.202307191849
2024-03-07 14:58:00,682 [INFO] DbMcusXml:78 - Set database path to: C:\ST\STM32CubeIDE_1.13.1\STM32CubeIDE\plugins\com.st.stm32cube.common.mx_6.9.1.202307191849\\db\/mcu/
2024-03-07 14:58:00,682 [INFO] ApiDb:274 - Set plugin database path to: C:\ST\STM32CubeIDE_1.13.1\STM32CubeIDE\plugins\com.st.stm32cube.common.mx_6.9.1.202307191849\\db\/plugins/boardmanager/
2024-03-07 14:58:00,683 [WARN] ApiDb:259 - Overriding images path with different value:  => C:\ST\STM32CubeIDE_1.13.1\STM32CubeIDE\plugins\com.st.stm32cube.common.mx_6.9.1.202307191849\\db\/plugins/mcufinder/images/
2024-03-07 14:58:00,697 [INFO] ApiDb:250 - Set database path to: C:\Users\steph\.stmcufinder\plugins\mcufinder//mcu/
2024-03-07 14:58:00,698 [INFO] DbMcusAds:125 - Set database path to: C:\Users\steph\.stmcufinder\plugins\mcufinder//mcu/
2024-03-07 14:58:00,700 [INFO] CrossReferenceDbSqlite:203 - Set database path to: C:\Users\steph\.stmcufinder\plugins\mcufinder//mcu/cs/
2024-03-07 14:58:00,787 [INFO] RulesReader:64 - Compatibility file has been processed (293 Rules)
2024-03-07 14:58:00,851 [INFO] DbMcusXml:78 - Set database path to: C:\ST\STM32CubeIDE_1.13.1\STM32CubeIDE\plugins\com.st.stm32cube.common.mx_6.9.1.202307191849\\db\/mcu/
2024-03-07 14:58:00,852 [INFO] ApiDb:274 - Set plugin database path to: C:\ST\STM32CubeIDE_1.13.1\STM32CubeIDE\plugins\com.st.stm32cube.common.mx_6.9.1.202307191849\\db\/plugins/boardmanager/
2024-03-07 14:58:00,852 [INFO] ApiDb:261 - Set plugin images path to: C:\ST\STM32CubeIDE_1.13.1\STM32CubeIDE\plugins\com.st.stm32cube.common.mx_6.9.1.202307191849\\db\/plugins/mcufinder/images/
2024-03-07 14:58:00,852 [WARN] DbFile:41 - Overriding database path with different value: C:\Users\steph\.stmcufinder\plugins\mcufinder/ => C:\Users\steph\.stmcufinder\plugins\mcufinder
2024-03-07 14:58:00,852 [INFO] ApiDb:250 - Set database path to: C:\Users\steph\.stmcufinder\plugins\mcufinder//mcu/
2024-03-07 14:58:00,852 [WARN] DbFile:41 - Overriding database path with different value: C:\Users\steph\.stmcufinder\plugins\mcufinder/ => C:\Users\steph\.stmcufinder\plugins\mcufinder
2024-03-07 14:58:00,852 [INFO] DbMcusAds:125 - Set database path to: C:\Users\steph\.stmcufinder\plugins\mcufinder//mcu/
2024-03-07 14:58:00,852 [WARN] DbFile:41 - Overriding database path with different value: C:\Users\steph\.stmcufinder\plugins\mcufinder/ => C:\Users\steph\.stmcufinder\plugins\mcufinder
2024-03-07 14:58:00,852 [WARN] DbFile:41 - Overriding database path with different value: C:\Users\steph\.stmcufinder\plugins\mcufinder/ => C:\Users\steph\.stmcufinder\plugins\mcufinder
2024-03-07 14:58:00,853 [INFO] CrossReferenceDbSqlite:203 - Set database path to: C:\Users\steph\.stmcufinder\plugins\mcufinder//mcu/cs/
2024-03-07 14:58:00,915 [INFO] MainPanel:262 - HeapMemory: 268435456
2024-03-07 14:58:00,990 [INFO] DbMcusXml:78 - Set database path to: C:\ST\STM32CubeIDE_1.13.1\STM32CubeIDE\plugins\com.st.stm32cube.common.mx_6.9.1.202307191849\\db\/mcu/
2024-03-07 14:58:00,990 [INFO] ApiDb:274 - Set plugin database path to: C:\ST\STM32CubeIDE_1.13.1\STM32CubeIDE\plugins\com.st.stm32cube.common.mx_6.9.1.202307191849\\db\/plugins/boardmanager/
2024-03-07 14:58:00,991 [INFO] ApiDb:261 - Set plugin images path to: C:\ST\STM32CubeIDE_1.13.1\STM32CubeIDE\plugins\com.st.stm32cube.common.mx_6.9.1.202307191849\\db\/plugins/mcufinder/images/
2024-03-07 14:58:00,992 [WARN] DbFile:41 - Overriding database path with different value: C:\Users\steph\.stmcufinder\plugins\mcufinder/ => C:\Users\steph\.stmcufinder\plugins\mcufinder
2024-03-07 14:58:00,992 [INFO] ApiDb:250 - Set database path to: C:\Users\steph\.stmcufinder\plugins\mcufinder//mcu/
2024-03-07 14:58:00,992 [WARN] DbFile:41 - Overriding database path with different value: C:\Users\steph\.stmcufinder\plugins\mcufinder/ => C:\Users\steph\.stmcufinder\plugins\mcufinder
2024-03-07 14:58:00,992 [INFO] DbMcusAds:125 - Set database path to: C:\Users\steph\.stmcufinder\plugins\mcufinder//mcu/
2024-03-07 14:58:00,992 [WARN] DbFile:41 - Overriding database path with different value: C:\Users\steph\.stmcufinder\plugins\mcufinder/ => C:\Users\steph\.stmcufinder\plugins\mcufinder
2024-03-07 14:58:00,992 [WARN] DbFile:41 - Overriding database path with different value: C:\Users\steph\.stmcufinder\plugins\mcufinder/ => C:\Users\steph\.stmcufinder\plugins\mcufinder
2024-03-07 14:58:00,992 [INFO] CrossReferenceDbSqlite:203 - Set database path to: C:\Users\steph\.stmcufinder\plugins\mcufinder//mcu/cs/
2024-03-07 14:58:01,007 [INFO] ApplicationProperties:184 - Using Application install path: C:\ST\STM32CubeIDE_1.13.1\STM32CubeIDE\plugins\com.st.stm32cube.common.mx_6.9.1.202307191849
2024-03-07 14:58:01,008 [INFO] PluginManage:196 - Search for loadable plugins [exclusion list=, ]
2024-03-07 14:58:01,009 [INFO] PluginManage:310 - Check plugin analytics
2024-03-07 14:58:01,135 [INFO] AnalyticsPlugin:253 - Accepted Software Licenses: 
2024-03-07 14:58:01,135 [INFO] AnalyticsPlugin:255 - Accepted CMSIS Pack Licenses: 
2024-03-07 14:58:01,135 [INFO] AnalyticsPlugin:257 - Accepted Firmware Licenses: 
2024-03-07 14:58:01,137 [INFO] PluginManage:359 - Loaded plugin analytics (category:tool,tabindex:-1)
2024-03-07 14:58:01,137 [INFO] PluginManage:310 - Check plugin cadmodel
2024-03-07 14:58:01,148 [INFO] CADModel:105 - Init CAD model plugin
2024-03-07 14:58:01,148 [INFO] PluginManage:359 - Loaded plugin cadmodel (category:power,tabindex:5)
2024-03-07 14:58:01,149 [INFO] PluginManage:310 - Check plugin clock
2024-03-07 14:58:01,168 [INFO] PluginManage:359 - Loaded plugin clock (category:base,tabindex:2)
2024-03-07 14:58:01,168 [INFO] PluginManage:310 - Check plugin ddr
2024-03-07 14:58:01,170 [INFO] PluginManage:359 - Loaded plugin ddr (category:tool,tabindex:6)
2024-03-07 14:58:01,170 [INFO] PluginManage:310 - Check plugin filemanager
2024-03-07 14:58:01,270 [INFO] PluginManage:359 - Loaded plugin filemanager (category:base,tabindex:10)
2024-03-07 14:58:01,270 [INFO] PluginManage:310 - Check plugin ipmanager
2024-03-07 14:58:01,276 [INFO] PluginManage:359 - Loaded plugin ipmanager (category:base,tabindex:5)
2024-03-07 14:58:01,276 [INFO] PluginManage:310 - Check plugin lpbam
2024-03-07 14:58:01,290 [INFO] PluginManage:359 - Loaded plugin lpbam (category:base,tabindex:0)
2024-03-07 14:58:01,290 [INFO] PluginManage:310 - Check plugin memorymap
2024-03-07 14:58:01,307 [INFO] PluginManage:359 - Loaded plugin memorymap (category:base,tabindex:4)
2024-03-07 14:58:01,307 [INFO] PluginManage:310 - Check plugin pinoutandconfiguration
2024-03-07 14:58:01,319 [INFO] PluginManage:359 - Loaded plugin pinoutandconfiguration (category:base,tabindex:1)
2024-03-07 14:58:01,320 [INFO] PluginManage:310 - Check plugin pinoutconfig
2024-03-07 14:58:01,394 [WARN] SupportedApi:132 - Cannot load RTOS API schema: s4s-elt-must-match.1: The content of 'definitions' must match (annotation?, (simpleType | complexType)?, (unique | key | keyref)*)). A problem was found starting at: attribute.
2024-03-07 14:58:01,513 [INFO] PluginManage:359 - Loaded plugin pinoutconfig (category:base,tabindex:0)
2024-03-07 14:58:01,513 [INFO] PluginManage:310 - Check plugin power
2024-03-07 14:58:01,535 [INFO] PluginManage:359 - Loaded plugin power (category:power,tabindex:4)
2024-03-07 14:58:01,535 [INFO] PluginManage:310 - Check plugin projectmanager
2024-03-07 14:58:01,545 [INFO] PluginManage:359 - Loaded plugin projectmanager (category:projectmanager,tabindex:3)
2024-03-07 14:58:01,545 [INFO] PluginManage:310 - Check plugin thirdparty
2024-03-07 14:58:01,751 [INFO] PluginManage:359 - Loaded plugin thirdparty (category:base,tabindex:-1)
2024-03-07 14:58:01,751 [WARN] IntegrityCheckThread:84 - waiting for thirdparty lock release [integrity check]
2024-03-07 14:58:01,751 [INFO] PluginManage:310 - Check plugin tools
2024-03-07 14:58:01,751 [INFO] IntegrityCheckThread:86 - entering critical section [integrity check]
2024-03-07 14:58:01,751 [INFO] ThirdPartyUpdaterWithRetryManager:70 - Updater plugin not ready yet. [1/15]
2024-03-07 14:58:01,775 [INFO] PluginManage:359 - Loaded plugin tools (category:base,tabindex:7)
2024-03-07 14:58:01,775 [INFO] PluginManage:310 - Check plugin tutovideos
2024-03-07 14:58:01,930 [INFO] PluginManage:359 - Loaded plugin tutovideos (category:base,tabindex:-1)
2024-03-07 14:58:01,930 [INFO] PluginManage:310 - Check plugin updater
2024-03-07 14:58:01,938 [INFO] PluginManage:359 - Loaded plugin updater (category:base,tabindex:12)
2024-03-07 14:58:01,939 [INFO] PluginManage:310 - Check plugin userauth
2024-03-07 14:58:01,943 [INFO] UserAuth:113 - Init User Auth plugin
2024-03-07 14:58:01,943 [INFO] PluginManage:359 - Loaded plugin userauth (category:base,tabindex:14)
2024-03-07 14:58:01,943 [INFO] PluginManage:283 - PluginManage : Loaded plugins [17]
2024-03-07 14:58:02,122 [INFO] PinOutPanel:1499 - setPackage(No Configuration,No Configuration)
2024-03-07 14:58:02,204 [INFO] CADModel:165 - CPN selected for project level
2024-03-07 14:58:02,204 [INFO] CADModel:114 - Register for checkConnection events
2024-03-07 14:58:02,225 [INFO] IPUIPlugin:80 - create IPUIPlugin
2024-03-07 14:58:02,225 [INFO] PluginManager:220 - loadIPPluginJar : add adc
2024-03-07 14:58:02,250 [INFO] IPUIPlugin:80 - create IPUIPlugin
2024-03-07 14:58:02,250 [INFO] PluginManager:220 - loadIPPluginJar : add aes
2024-03-07 14:58:02,279 [INFO] IPUIPlugin:80 - create IPUIPlugin
2024-03-07 14:58:02,279 [INFO] PluginManager:220 - loadIPPluginJar : add can
2024-03-07 14:58:02,295 [INFO] IPUIPlugin:80 - create IPUIPlugin
2024-03-07 14:58:02,295 [INFO] PluginManager:220 - loadIPPluginJar : add comp
2024-03-07 14:58:02,318 [INFO] IPUIPlugin:80 - create IPUIPlugin
2024-03-07 14:58:02,318 [INFO] PluginManager:220 - loadIPPluginJar : add cryp
2024-03-07 14:58:02,340 [INFO] IPUIPlugin:80 - create IPUIPlugin
2024-03-07 14:58:02,340 [INFO] PluginManager:220 - loadIPPluginJar : add dfsdm
2024-03-07 14:58:02,349 [INFO] IPUIPlugin:80 - create IPUIPlugin
2024-03-07 14:58:02,349 [INFO] PluginManager:220 - loadIPPluginJar : add dma
2024-03-07 14:58:02,379 [INFO] IPUIPlugin:80 - create IPUIPlugin
2024-03-07 14:58:02,380 [INFO] PluginManager:220 - loadIPPluginJar : add dma3
2024-03-07 14:58:02,394 [INFO] IPUIPlugin:80 - create IPUIPlugin
2024-03-07 14:58:02,395 [INFO] PluginManager:220 - loadIPPluginJar : add fatfs
2024-03-07 14:58:02,428 [INFO] IPUIPlugin:80 - create IPUIPlugin
2024-03-07 14:58:02,429 [INFO] PluginManager:220 - loadIPPluginJar : add fmc
2024-03-07 14:58:02,440 [INFO] IPUIPlugin:80 - create IPUIPlugin
2024-03-07 14:58:02,440 [INFO] PluginManager:220 - loadIPPluginJar : add freertos
2024-03-07 14:58:02,455 [INFO] IPUIPlugin:80 - create IPUIPlugin
2024-03-07 14:58:02,456 [INFO] PluginManager:220 - loadIPPluginJar : add genericplugin
2024-03-07 14:58:02,528 [INFO] IPUIPlugin:80 - create IPUIPlugin
2024-03-07 14:58:02,528 [INFO] PluginManager:220 - loadIPPluginJar : add gfxmmu
2024-03-07 14:58:02,618 [INFO] IPUIPlugin:80 - create IPUIPlugin
2024-03-07 14:58:02,619 [INFO] PluginManager:220 - loadIPPluginJar : add gic
2024-03-07 14:58:02,628 [INFO] IPUIPlugin:80 - create IPUIPlugin
2024-03-07 14:58:02,628 [INFO] PluginManager:220 - loadIPPluginJar : add gpio
2024-03-07 14:58:02,693 [INFO] IPUIPlugin:80 - create IPUIPlugin
2024-03-07 14:58:02,693 [INFO] PluginManager:220 - loadIPPluginJar : add gtzc
2024-03-07 14:58:02,716 [INFO] IPUIPlugin:80 - create IPUIPlugin
2024-03-07 14:58:02,716 [INFO] PluginManager:220 - loadIPPluginJar : add hash
2024-03-07 14:58:02,760 [INFO] IPUIPlugin:80 - create IPUIPlugin
2024-03-07 14:58:02,760 [INFO] PluginManager:220 - loadIPPluginJar : add i2c
2024-03-07 14:58:02,794 [INFO] IPUIPlugin:80 - create IPUIPlugin
2024-03-07 14:58:02,794 [INFO] PluginManager:220 - loadIPPluginJar : add i2s
2024-03-07 14:58:02,824 [INFO] IPUIPlugin:80 - create IPUIPlugin
2024-03-07 14:58:02,824 [INFO] PluginManager:220 - loadIPPluginJar : add i3c
2024-03-07 14:58:02,912 [INFO] IPUIPlugin:80 - create IPUIPlugin
2024-03-07 14:58:02,912 [INFO] PluginManager:220 - loadIPPluginJar : add ipddr
2024-03-07 14:58:02,987 [INFO] IPUIPlugin:80 - create IPUIPlugin
2024-03-07 14:58:02,988 [INFO] PluginManager:220 - loadIPPluginJar : add linkedlist
2024-03-07 14:58:03,015 [INFO] IPUIPlugin:80 - create IPUIPlugin
2024-03-07 14:58:03,015 [INFO] PluginManager:220 - loadIPPluginJar : add lorawan
2024-03-07 14:58:03,043 [INFO] IPUIPlugin:80 - create IPUIPlugin
2024-03-07 14:58:03,043 [INFO] PluginManager:220 - loadIPPluginJar : add ltdc
2024-03-07 14:58:03,053 [INFO] IPUIPlugin:80 - create IPUIPlugin
2024-03-07 14:58:03,053 [INFO] PluginManager:220 - loadIPPluginJar : add mdma
2024-03-07 14:58:03,063 [INFO] IPUIPlugin:80 - create IPUIPlugin
2024-03-07 14:58:03,063 [INFO] PluginManager:220 - loadIPPluginJar : add nvic
2024-03-07 14:58:03,089 [INFO] IPUIPlugin:80 - create IPUIPlugin
2024-03-07 14:58:03,089 [INFO] PluginManager:220 - loadIPPluginJar : add opamp
2024-03-07 14:58:03,134 [INFO] IPUIPlugin:80 - create IPUIPlugin
2024-03-07 14:58:03,134 [INFO] PluginManager:220 - loadIPPluginJar : add openamp
2024-03-07 14:58:03,170 [INFO] IPUIPlugin:80 - create IPUIPlugin
2024-03-07 14:58:03,170 [INFO] PluginManager:220 - loadIPPluginJar : add pdm2pcm
2024-03-07 14:58:03,182 [INFO] IPUIPlugin:80 - create IPUIPlugin
2024-03-07 14:58:03,184 [INFO] PluginManager:220 - loadIPPluginJar : add plateformsettings
2024-03-07 14:58:03,202 [INFO] IPUIPlugin:80 - create IPUIPlugin
2024-03-07 14:58:03,202 [INFO] PluginManager:220 - loadIPPluginJar : add quadspi
2024-03-07 14:58:03,212 [INFO] IPUIPlugin:80 - create IPUIPlugin
2024-03-07 14:58:03,212 [INFO] PluginManager:220 - loadIPPluginJar : add resmgrutility
2024-03-07 14:58:03,250 [INFO] IPUIPlugin:80 - create IPUIPlugin
2024-03-07 14:58:03,250 [INFO] PluginManager:220 - loadIPPluginJar : add sai
2024-03-07 14:58:03,279 [INFO] IPUIPlugin:80 - create IPUIPlugin
2024-03-07 14:58:03,279 [INFO] PluginManager:220 - loadIPPluginJar : add spi
2024-03-07 14:58:03,321 [INFO] IPUIPlugin:80 - create IPUIPlugin
2024-03-07 14:58:03,322 [INFO] PluginManager:220 - loadIPPluginJar : add stm32_wpan
2024-03-07 14:58:03,338 [INFO] IPUIPlugin:80 - create IPUIPlugin
2024-03-07 14:58:03,338 [INFO] PluginManager:220 - loadIPPluginJar : add tim
2024-03-07 14:58:03,379 [INFO] IPUIPlugin:80 - create IPUIPlugin
2024-03-07 14:58:03,379 [INFO] PluginManager:220 - loadIPPluginJar : add touchsensing
2024-03-07 14:58:03,395 [INFO] IPUIPlugin:80 - create IPUIPlugin
2024-03-07 14:58:03,395 [INFO] PluginManager:220 - loadIPPluginJar : add tracer_emb
2024-03-07 14:58:03,412 [INFO] IPUIPlugin:80 - create IPUIPlugin
2024-03-07 14:58:03,412 [INFO] PluginManager:220 - loadIPPluginJar : add ts
2024-03-07 14:58:03,427 [INFO] IPUIPlugin:80 - create IPUIPlugin
2024-03-07 14:58:03,427 [INFO] PluginManager:220 - loadIPPluginJar : add tsc
2024-03-07 14:58:03,444 [INFO] IPUIPlugin:80 - create IPUIPlugin
2024-03-07 14:58:03,444 [INFO] PluginManager:220 - loadIPPluginJar : add ucpd
2024-03-07 14:58:03,478 [INFO] IPUIPlugin:80 - create IPUIPlugin
2024-03-07 14:58:03,478 [INFO] PluginManager:220 - loadIPPluginJar : add usart
2024-03-07 14:58:03,510 [INFO] IPUIPlugin:80 - create IPUIPlugin
2024-03-07 14:58:03,510 [INFO] PluginManager:220 - loadIPPluginJar : add usbx
2024-03-07 14:58:03,621 [INFO] CADModel:165 - CPN selected for project level
2024-03-07 14:58:03,621 [INFO] CADModel:114 - Register for checkConnection events
2024-03-07 14:58:03,621 [FATAL] Updater:308 - Updater called before beeing initialized
2024-03-07 14:58:03,621 [ERROR] CADModel:125 - Updater not yet initialized, retry later 
2024-03-07 14:58:03,748 [INFO] CADModel:165 - CPN selected for project level
2024-03-07 14:58:03,748 [INFO] CADModel:114 - Register for checkConnection events
2024-03-07 14:58:03,748 [FATAL] Updater:308 - Updater called before beeing initialized
2024-03-07 14:58:03,748 [ERROR] CADModel:125 - Updater not yet initialized, retry later 
2024-03-07 14:58:03,751 [FATAL] Updater:308 - Updater called before beeing initialized
2024-03-07 14:58:03,833 [FATAL] Updater:308 - Updater called before beeing initialized
2024-03-07 14:58:03,841 [INFO] DbMcusAds:53 - JSON generation date=Wed Nov 29 05:52:27 EST 2023 (1701255147349)
2024-03-07 14:58:03,841 [FATAL] Updater:308 - Updater called before beeing initialized
2024-03-07 14:58:03,902 [WARN] DetailPanel:346 - Failed to get advertising image, set to default
2024-03-07 14:58:03,975 [FATAL] Updater:308 - Updater called before beeing initialized
2024-03-07 14:58:03,976 [FATAL] Updater:308 - Updater called before beeing initialized
2024-03-07 14:58:03,977 [FATAL] Updater:308 - Updater called before beeing initialized
2024-03-07 14:58:03,977 [WARN] DetailPanel:346 - Failed to get advertising image, set to default
2024-03-07 14:58:03,977 [FATAL] Updater:308 - Updater called before beeing initialized
2024-03-07 14:58:04,019 [ERROR] Updater:1120 - MainUpdater not yet initialized. External WinMGr cannot be set.
2024-03-07 14:58:04,027 [INFO] Updater:1056 - Updater Version found : 6.9.1
2024-03-07 14:58:04,042 [INFO] ApplicationProperties:184 - Using Application install path: C:\ST\STM32CubeIDE_1.13.1\STM32CubeIDE\plugins\com.st.stm32cube.common.mx_6.9.1.202307191849
2024-03-07 14:58:04,753 [INFO] ThirdPartyUpdaterWithRetryManager:70 - Updater plugin not ready yet. [2/15]
2024-03-07 14:58:05,851 [INFO] MainUpdater:2868 - connection check result : 10
2024-03-07 14:58:05,851 [INFO] MainUpdater:3562 - Updater definition file requires update
2024-03-07 14:58:05,852 [INFO] MainUpdater:285 - Updater Check For Update Now.
2024-03-07 14:58:05,852 [INFO] MicroXplorer:498 - Change Database Version : DB.6.0.91
2024-03-07 14:58:05,865 [INFO] McuFinderGlobals:63 - Set McuFinder mode to 2 (CubeIDE integrated)
2024-03-07 14:58:06,192 [INFO] ServerAccessManage:473 - Download File updaters.zip
2024-03-07 14:58:07,118 [INFO] FileExtend:240 - Unzip File : updaters.zip
2024-03-07 14:58:07,119 [INFO] FileExtend:255 - Standard Zip Deflate
2024-03-07 14:58:07,638 [INFO] ServerAccessManage:473 - Download File PacksControlFlags.xml
2024-03-07 14:58:07,754 [WARN] MainUpdater:1189 - Updater busy. Cannot search thirdparties
2024-03-07 14:58:07,754 [INFO] ThirdPartyUpdaterWithRetryManager:96 - Updater plugin is busy. [1/15]
2024-03-07 14:58:07,979 [INFO] ServerAccessManage:473 - Download File cubemx.pidx
2024-03-07 14:58:09,077 [INFO] ServerAccessManage:473 - Download File STMicroelectronics.X-CUBE-BLEMGR.pdsc
2024-03-07 14:58:10,756 [WARN] MainUpdater:1189 - Updater busy. Cannot search thirdparties
2024-03-07 14:58:10,756 [INFO] ThirdPartyUpdaterWithRetryManager:96 - Updater plugin is busy. [2/15]
2024-03-07 14:58:13,757 [WARN] MainUpdater:1189 - Updater busy. Cannot search thirdparties
2024-03-07 14:58:13,757 [INFO] ThirdPartyUpdaterWithRetryManager:96 - Updater plugin is busy. [3/15]
2024-03-07 14:58:16,043 [INFO] ServerAccessManage:473 - Download File STMicroelectronics.X-CUBE-TOF1.pdsc
2024-03-07 14:58:16,757 [WARN] MainUpdater:1189 - Updater busy. Cannot search thirdparties
2024-03-07 14:58:16,757 [INFO] ThirdPartyUpdaterWithRetryManager:96 - Updater plugin is busy. [4/15]
2024-03-07 14:58:19,759 [WARN] MainUpdater:1189 - Updater busy. Cannot search thirdparties
2024-03-07 14:58:19,759 [INFO] ThirdPartyUpdaterWithRetryManager:96 - Updater plugin is busy. [5/15]
2024-03-07 14:58:21,430 [ERROR] ServerAccessManage:1089 - Problem, file not found on Server
2024-03-07 14:58:22,760 [WARN] MainUpdater:1189 - Updater busy. Cannot search thirdparties
2024-03-07 14:58:22,760 [INFO] ThirdPartyUpdaterWithRetryManager:96 - Updater plugin is busy. [6/15]
2024-03-07 14:58:23,687 [ERROR] ServerAccessManage:1096 - Problem, Http access forbiden
2024-03-07 14:58:23,688 [ERROR] ServerAccessManage:651 - Problem, Http access forbiden : RoweBots.I-CUBE-UNISONRTOS.pdsc.
2024-03-07 14:58:23,844 [WARN] PackLoader:240 - Cannot read IP mode file for STMicroelectronics.X-CUBE-BLEMGR.3.1.0
2024-03-07 14:58:23,863 [WARN] PackLoader:240 - Cannot read IP mode file for STMicroelectronics.X-CUBE-TOF1.3.4.1
2024-03-07 14:58:23,880 [INFO] PopulateThirdPartyThread:66 - Ending populate Thread
2024-03-07 14:58:23,881 [INFO] ThirdParty:1030 - CMSIS Pack Vendor :STMicroelectronics X-CUBE-BLEMGR 3.1.0
2024-03-07 14:58:23,881 [INFO] ThirdParty:1030 - CMSIS Pack Vendor :STMicroelectronics X-CUBE-TOF1 3.4.1
2024-03-07 14:58:23,881 [INFO] LoadServerUpdatesThread:373 - End of LoadServerUpdate Thread
2024-03-07 14:58:23,950 [INFO] CheckServerUpdateThread:120 - End of CheckServer Thread
2024-03-07 14:58:25,886 [WARN] PackLoader:240 - Cannot read IP mode file for STMicroelectronics.X-CUBE-SMBUS.2.1.0
2024-03-07 14:58:25,895 [WARN] PackLoader:240 - Cannot read IP mode file for STMicroelectronics.X-CUBE-TOUCHGFX.4.23.0
2024-03-07 14:58:25,924 [WARN] PackLoader:240 - Cannot read IP mode file for STMicroelectronics.X-CUBE-AZRTOS-F7.1.1.0
2024-03-07 14:58:25,942 [WARN] PackLoader:240 - Cannot read IP mode file for STMicroelectronics.FP-SNS-MOTENV1.4.3.2
2024-03-07 14:58:25,948 [WARN] PackLoader:240 - Cannot read IP mode file for STMicroelectronics.FP-SNS-FLIGHT1.5.0.2
2024-03-07 14:58:25,962 [WARN] PackLoader:240 - Cannot read IP mode file for STMicroelectronics.X-CUBE-DISPLAY.3.0.0
2024-03-07 14:58:25,977 [WARN] PackLoader:240 - Cannot read IP mode file for STMicroelectronics.X-CUBE-BLE1.7.0.0
2024-03-07 14:58:25,990 [WARN] PackLoader:240 - Cannot read IP mode file for emotas.I-CUBE-CANOPEN.1.3.0
2024-03-07 14:58:26,001 [WARN] PackLoader:240 - Cannot read IP mode file for STMicroelectronics.X-CUBE-TOUCHGFX.4.22.0
2024-03-07 14:58:26,010 [WARN] PackLoader:240 - Cannot read IP mode file for STMicroelectronics.X-CUBE-TOUCHGFX.4.22.1
2024-03-07 14:58:26,018 [WARN] PackLoader:240 - Cannot read IP mode file for STMicroelectronics.X-CUBE-BLEMGR.3.1.0
2024-03-07 14:58:26,032 [WARN] PackLoader:240 - Cannot read IP mode file for STMicroelectronics.FP-SNS-SMARTAG2.1.2.0
2024-03-07 14:58:26,051 [INFO] LogOutputStream:77 - [STDOUT_REDIRECT] 1 : Invalid condition id : UX_CORESTACK_Condition cause : null
2024-03-07 14:58:26,052 [INFO] LogOutputStream:77 - [STDOUT_REDIRECT] 1 : Invalid condition id : UX_CORESTACK_Condition cause : null
2024-03-07 14:58:26,053 [INFO] LogOutputStream:77 - [STDOUT_REDIRECT] 1 : Invalid condition id : UX_CORESTACK_Condition cause : null
2024-03-07 14:58:26,054 [INFO] LogOutputStream:77 - [STDOUT_REDIRECT] 1 : Invalid condition id : UX_CORESTACK_Condition cause : null
2024-03-07 14:58:26,055 [INFO] LogOutputStream:77 - [STDOUT_REDIRECT] 1 : Invalid condition id : UX_CORESTACK_Condition cause : null
2024-03-07 14:58:26,058 [WARN] PackLoader:240 - Cannot read IP mode file for STMicroelectronics.X-CUBE-AZRTOS-WL.2.0.0
2024-03-07 14:58:26,073 [WARN] PackLoader:240 - Cannot read IP mode file for WES.I-CUBE-Cesium.1.3.0
2024-03-07 14:58:26,083 [WARN] PackLoader:240 - Cannot read IP mode file for STMicroelectronics.X-CUBE-BLE2.3.3.0
2024-03-07 14:58:26,094 [WARN] PackLoader:240 - Cannot read IP mode file for STMicroelectronics.X-CUBE-ALGOBUILD.1.3.0
2024-03-07 14:58:26,119 [WARN] PackLoader:240 - Cannot read IP mode file for STMicroelectronics.X-CUBE-AZRTOS-G0.1.1.0
2024-03-07 14:58:26,132 [WARN] PackLoader:240 - Cannot read IP mode file for STMicroelectronics.X-CUBE-NFC4.3.0.0
2024-03-07 14:58:26,145 [WARN] PackLoader:240 - Cannot read IP mode file for STMicroelectronics.X-CUBE-BLEMGR.3.0.0
2024-03-07 14:58:26,152 [WARN] PackLoader:240 - Cannot read IP mode file for STMicroelectronics.FP-ATR-SIGFOX1.3.2.0
2024-03-07 14:58:26,164 [WARN] PackLoader:240 - Cannot read IP mode file for STMicroelectronics.X-CUBE-EEPRMA1.5.1.0
2024-03-07 14:58:26,196 [WARN] PackLoader:240 - Cannot read IP mode file for SEGGER.I-CUBE-embOS.1.3.1
2024-03-07 14:58:26,229 [WARN] PackLoader:240 - Cannot read IP mode file for STMicroelectronics.X-CUBE-GNSS1.6.0.0
2024-03-07 14:58:26,255 [WARN] PackLoader:240 - Cannot read IP mode file for STMicroelectronics.X-CUBE-AZRTOS-F4.1.1.0
2024-03-07 14:58:26,266 [WARN] PackLoader:240 - Cannot read IP mode file for wolfSSL.I-CUBE-wolfSSL.5.6.3
2024-03-07 14:58:26,287 [WARN] PackLoader:240 - Cannot read IP mode file for STMicroelectronics.X-CUBE-AZRTOS-L5.2.0.0
2024-03-07 14:58:26,326 [WARN] PackLoader:240 - Cannot read IP mode file for STMicroelectronics.X-CUBE-MEMS1.9.6.0
2024-03-07 14:58:26,421 [WARN] PackLoader:240 - Cannot read IP mode file for STMicroelectronics.X-CUBE-EEPRMA1.4.2.0
2024-03-07 14:58:26,431 [WARN] PackLoader:240 - Cannot read IP mode file for ITTIA_DB.I-CUBE-ITTIADB.8.8.0
2024-03-07 14:58:26,442 [WARN] PackLoader:240 - Cannot read IP mode file for STMicroelectronics.X-CUBE-BLEMGR.2.0.0
2024-03-07 14:58:26,464 [WARN] ConditionMgr:438 - getConditionDescription Invalid condition id : UX DEVICE CLASS RTOS Condition cause : null
2024-03-07 14:58:26,464 [WARN] ConditionMgr:438 - getConditionDescription Invalid condition id : UX DEVICE CLASS RTOS Condition cause : null
2024-03-07 14:58:26,466 [WARN] PackLoader:240 - Cannot read IP mode file for STMicroelectronics.X-CUBE-AZRTOS-H7.3.1.0
2024-03-07 14:58:26,467 [WARN] ConditionMgr:1039 - genDependencies : Invalid condition id : UX DEVICE CLASS RTOS Condition cause : null
2024-03-07 14:58:26,467 [WARN] ConditionMgr:1039 - genDependencies : Invalid condition id : UX DEVICE CLASS RTOS Condition cause : null
2024-03-07 14:58:26,468 [WARN] ConditionMgr:1039 - genDependencies : Invalid condition id : UX DEVICE CLASS RTOS Condition cause : null
2024-03-07 14:58:26,468 [WARN] ConditionMgr:1039 - genDependencies : Invalid condition id : UX DEVICE CLASS RTOS Condition cause : null
2024-03-07 14:58:26,468 [WARN] ConditionMgr:1039 - genDependencies : Invalid condition id : UX DEVICE CLASS RTOS Condition cause : null
2024-03-07 14:58:26,479 [WARN] PackLoader:240 - Cannot read IP mode file for STMicroelectronics.X-CUBE-NFC7.1.0.1
2024-03-07 14:58:26,490 [WARN] PackLoader:240 - Cannot read IP mode file for STMicroelectronics.X-CUBE-NFC6.3.0.0
2024-03-07 14:58:26,500 [WARN] PackLoader:240 - Cannot read IP mode file for STMicroelectronics.X-CUBE-EEPRMA1.4.1.0
2024-03-07 14:58:26,502 [ERROR] LogOutputStream:75 - [STDERR_REDIRECT] SLF4J: Failed to load class "org.slf4j.impl.StaticLoggerBinder".
2024-03-07 14:58:26,503 [ERROR] LogOutputStream:75 - [STDERR_REDIRECT] SLF4J: Defaulting to no-operation (NOP) logger implementation
2024-03-07 14:58:26,504 [ERROR] LogOutputStream:75 - [STDERR_REDIRECT] SLF4J: See http://www.slf4j.org/codes.html#StaticLoggerBinder for further details.
2024-03-07 14:58:26,511 [WARN] PackLoader:240 - Cannot read IP mode file for STMicroelectronics.X-CUBE-AI.8.1.0
2024-03-07 14:58:26,533 [WARN] ConditionMgr:438 - getConditionDescription Invalid condition id : LAN8742 Phy interface Condition cause : null
2024-03-07 14:58:26,533 [WARN] PackLoader:240 - Cannot read IP mode file for STMicroelectronics.X-CUBE-AZRTOS-L4.2.0.0
2024-03-07 14:58:26,534 [WARN] ConditionMgr:1039 - genDependencies : Invalid condition id : LAN8742 Phy interface Condition cause : null
2024-03-07 14:58:26,534 [WARN] ConditionMgr:1039 - genDependencies : Invalid condition id : LAN8742 Phy interface Condition cause : null
2024-03-07 14:58:26,535 [WARN] ConditionMgr:1039 - genDependencies : Invalid condition id : LAN8742 Phy interface Condition cause : null
2024-03-07 14:58:26,546 [WARN] PackLoader:240 - Cannot read IP mode file for STMicroelectronics.X-CUBE-SFXS2LP1.4.0.0
2024-03-07 14:58:26,555 [WARN] PackLoader:240 - Cannot read IP mode file for STMicroelectronics.X-CUBE-ISPU.1.1.0
2024-03-07 14:58:26,573 [WARN] ConditionMgr:438 - getConditionDescription Invalid condition id : UX DEVICE CLASS RTOS Condition cause : null
2024-03-07 14:58:26,573 [WARN] ConditionMgr:438 - getConditionDescription Invalid condition id : UX DEVICE CLASS RTOS Condition cause : null
2024-03-07 14:58:26,575 [WARN] PackLoader:240 - Cannot read IP mode file for STMicroelectronics.X-CUBE-AZRTOS-WB.2.0.0
2024-03-07 14:58:26,575 [WARN] ConditionMgr:1039 - genDependencies : Invalid condition id : UX DEVICE CLASS RTOS Condition cause : null
2024-03-07 14:58:26,575 [WARN] ConditionMgr:1039 - genDependencies : Invalid condition id : UX DEVICE CLASS RTOS Condition cause : null
2024-03-07 14:58:26,576 [WARN] ConditionMgr:1039 - genDependencies : Invalid condition id : UX DEVICE CLASS RTOS Condition cause : null
2024-03-07 14:58:26,576 [WARN] ConditionMgr:1039 - genDependencies : Invalid condition id : UX DEVICE CLASS RTOS Condition cause : null
2024-03-07 14:58:26,576 [WARN] ConditionMgr:1039 - genDependencies : Invalid condition id : UX DEVICE CLASS RTOS Condition cause : null
2024-03-07 14:58:26,591 [WARN] PackLoader:240 - Cannot read IP mode file for STMicroelectronics.X-CUBE-SUBG2.5.0.0
2024-03-07 14:58:26,608 [WARN] PackLoader:240 - Cannot read IP mode file for STMicroelectronics.X-CUBE-TOF1.3.3.1
2024-03-07 14:58:26,632 [WARN] PackLoader:240 - Cannot read IP mode file for STMicroelectronics.X-CUBE-AZRTOS-G4.2.0.0
2024-03-07 14:58:26,648 [WARN] PackLoader:240 - Cannot read IP mode file for Infineon.AIROC-Wi-Fi-Bluetooth-STM32.1.5.1
2024-03-07 14:58:26,654 [WARN] PackLoader:240 - Cannot read IP mode file for STMicroelectronics.FP-SNS-MOTENVWB1.1.3.1
2024-03-07 14:58:26,663 [WARN] PackLoader:240 - Cannot read IP mode file for STMicroelectronics.X-CUBE-ISPU.2.0.0
2024-03-07 14:58:26,697 [WARN] PackLoader:240 - Cannot read IP mode file for STMicroelectronics.X-CUBE-MEMS1.10.0.0
2024-03-07 14:58:26,769 [WARN] PackLoader:240 - Cannot read IP mode file for STMicroelectronics.X-CUBE-FREERTOS.1.1.0
2024-03-07 14:58:26,779 [WARN] PackLoader:240 - Cannot read IP mode file for portGmbH.I-Cube-SoM-uGOAL.1.1.0
2024-03-07 14:58:26,789 [WARN] PackLoader:240 - Cannot read IP mode file for STMicroelectronics.X-CUBE-ALS.1.0.1
2024-03-07 14:58:26,792 [WARN] PackLoader:240 - Cannot read IP mode file for STMicroelectronics.FP-ATR-ASTRA1.2.0.0
2024-03-07 14:58:26,806 [WARN] PackLoader:240 - Cannot read IP mode file for STMicroelectronics.X-CUBE-TOF1.3.4.0
2024-03-07 14:58:26,818 [WARN] PackLoader:240 - Cannot read IP mode file for STMicroelectronics.X-CUBE-TOF1.3.4.1
2024-03-07 14:58:26,845 [WARN] PackLoader:240 - Cannot read IP mode file for STMicroelectronics.X-CUBE-AZRTOS-H7.3.2.0
2024-03-07 14:58:26,847 [INFO] ThirdParty:978 - Integrity check success = true
2024-03-07 14:58:26,847 [INFO] IntegrityCheckThread:100 - exiting critical section [integrity check]
2024-03-07 14:58:26,847 [INFO] IntegrityCheckThread:103 - End integrity checks thread
2024-03-07 15:01:28,043 [INFO] LogOutputStream:77 - [STDOUT_REDIRECT] Unexpected error loading extension: org.eclipse.equinox.p2.metadata.repository.compositeRepository
2024-03-07 15:01:28,045 [ERROR] LogOutputStream:75 - [STDERR_REDIRECT] java.lang.IllegalStateException: bundle org.eclipse.equinox.p2.repositoryis not started
2024-03-07 15:01:28,046 [ERROR] LogOutputStream:75 - [STDERR_REDIRECT] 	at org.eclipse.equinox.internal.p2.repository.Activator.getContext(Activator.java:65)
2024-03-07 15:01:28,049 [ERROR] LogOutputStream:75 - [STDERR_REDIRECT] 	at org.eclipse.equinox.internal.p2.repository.helpers.AbstractRepositoryManager.restoreFromSystemProperty(AbstractRepositoryManager.java:1013)
2024-03-07 15:01:28,051 [ERROR] LogOutputStream:75 - [STDERR_REDIRECT] 	at org.eclipse.equinox.internal.p2.repository.helpers.AbstractRepositoryManager.restoreRepositories(AbstractRepositoryManager.java:1033)
2024-03-07 15:01:28,052 [ERROR] LogOutputStream:75 - [STDERR_REDIRECT] 	at org.eclipse.equinox.internal.p2.repository.helpers.AbstractRepositoryManager.sortSuffixes(AbstractRepositoryManager.java:1112)
2024-03-07 15:01:28,057 [ERROR] LogOutputStream:75 - [STDERR_REDIRECT] 	at org.eclipse.equinox.internal.p2.repository.helpers.AbstractRepositoryManager.loadRepository(AbstractRepositoryManager.java:676)
2024-03-07 15:01:28,059 [ERROR] LogOutputStream:75 - [STDERR_REDIRECT] 	at org.eclipse.equinox.internal.p2.metadata.repository.MetadataRepositoryManager.loadRepository(MetadataRepositoryManager.java:110)
2024-03-07 15:01:28,061 [ERROR] LogOutputStream:75 - [STDERR_REDIRECT] 	at org.eclipse.equinox.internal.p2.metadata.repository.MetadataRepositoryManager.loadRepository(MetadataRepositoryManager.java:105)
2024-03-07 15:01:28,062 [ERROR] LogOutputStream:75 - [STDERR_REDIRECT] 	at org.eclipse.equinox.internal.p2.metadata.repository.CompositeMetadataRepository.addChild(CompositeMetadataRepository.java:171)
2024-03-07 15:01:28,064 [ERROR] LogOutputStream:75 - [STDERR_REDIRECT] 	at org.eclipse.equinox.internal.p2.metadata.repository.CompositeMetadataRepository.<init>(CompositeMetadataRepository.java:113)
2024-03-07 15:01:28,067 [ERROR] LogOutputStream:75 - [STDERR_REDIRECT] 	at org.eclipse.equinox.internal.p2.metadata.repository.CompositeMetadataRepositoryFactory.load(CompositeMetadataRepositoryFactory.java:124)
2024-03-07 15:01:28,069 [ERROR] LogOutputStream:75 - [STDERR_REDIRECT] 	at org.eclipse.equinox.internal.p2.metadata.repository.MetadataRepositoryManager.factoryLoad(MetadataRepositoryManager.java:63)
2024-03-07 15:01:28,071 [ERROR] LogOutputStream:75 - [STDERR_REDIRECT] 	at org.eclipse.equinox.internal.p2.repository.helpers.AbstractRepositoryManager.loadRepository(AbstractRepositoryManager.java:787)
2024-03-07 15:01:28,074 [ERROR] LogOutputStream:75 - [STDERR_REDIRECT] 	at org.eclipse.equinox.internal.p2.repository.helpers.AbstractRepositoryManager.loadRepository(AbstractRepositoryManager.java:685)
2024-03-07 15:02:15,361 [INFO] Activator:176 - 


2024-03-07 15:02:15,362 [INFO] Activator:177 - !SESSION log4j initialized
2024-03-07 15:02:17,759 [INFO] LogOutputStream:77 - [STDOUT_REDIRECT] 
2024-03-07 15:02:30,360 [INFO] ApplicationProperties:184 - Using Application install path: C:\ST\STM32CubeIDE_1.13.1\STM32CubeIDE\plugins\com.st.stm32cube.common.mx_6.9.1.202307191849
2024-03-07 15:02:30,372 [INFO] DbMcusXml:78 - Set database path to: C:\ST\STM32CubeIDE_1.13.1\STM32CubeIDE\plugins\com.st.stm32cube.common.mx_6.9.1.202307191849\\db\/mcu/
2024-03-07 15:02:30,372 [INFO] ApiDb:274 - Set plugin database path to: C:\ST\STM32CubeIDE_1.13.1\STM32CubeIDE\plugins\com.st.stm32cube.common.mx_6.9.1.202307191849\\db\/plugins/boardmanager/
2024-03-07 15:02:30,372 [WARN] ApiDb:259 - Overriding images path with different value:  => C:\ST\STM32CubeIDE_1.13.1\STM32CubeIDE\plugins\com.st.stm32cube.common.mx_6.9.1.202307191849\\db\/plugins/mcufinder/images/
2024-03-07 15:02:30,379 [INFO] ApiDb:250 - Set database path to: C:\Users\steph\.stmcufinder\plugins\mcufinder//mcu/
2024-03-07 15:02:30,380 [INFO] DbMcusAds:125 - Set database path to: C:\Users\steph\.stmcufinder\plugins\mcufinder//mcu/
2024-03-07 15:02:30,383 [INFO] CrossReferenceDbSqlite:203 - Set database path to: C:\Users\steph\.stmcufinder\plugins\mcufinder//mcu/cs/
2024-03-07 15:02:30,465 [INFO] RulesReader:64 - Compatibility file has been processed (293 Rules)
2024-03-07 15:02:30,517 [INFO] DbMcusXml:78 - Set database path to: C:\ST\STM32CubeIDE_1.13.1\STM32CubeIDE\plugins\com.st.stm32cube.common.mx_6.9.1.202307191849\\db\/mcu/
2024-03-07 15:02:30,517 [INFO] ApiDb:274 - Set plugin database path to: C:\ST\STM32CubeIDE_1.13.1\STM32CubeIDE\plugins\com.st.stm32cube.common.mx_6.9.1.202307191849\\db\/plugins/boardmanager/
2024-03-07 15:02:30,518 [INFO] ApiDb:261 - Set plugin images path to: C:\ST\STM32CubeIDE_1.13.1\STM32CubeIDE\plugins\com.st.stm32cube.common.mx_6.9.1.202307191849\\db\/plugins/mcufinder/images/
2024-03-07 15:02:30,518 [WARN] DbFile:41 - Overriding database path with different value: C:\Users\steph\.stmcufinder\plugins\mcufinder/ => C:\Users\steph\.stmcufinder\plugins\mcufinder
2024-03-07 15:02:30,518 [INFO] ApiDb:250 - Set database path to: C:\Users\steph\.stmcufinder\plugins\mcufinder//mcu/
2024-03-07 15:02:30,518 [WARN] DbFile:41 - Overriding database path with different value: C:\Users\steph\.stmcufinder\plugins\mcufinder/ => C:\Users\steph\.stmcufinder\plugins\mcufinder
2024-03-07 15:02:30,518 [INFO] DbMcusAds:125 - Set database path to: C:\Users\steph\.stmcufinder\plugins\mcufinder//mcu/
2024-03-07 15:02:30,518 [WARN] DbFile:41 - Overriding database path with different value: C:\Users\steph\.stmcufinder\plugins\mcufinder/ => C:\Users\steph\.stmcufinder\plugins\mcufinder
2024-03-07 15:02:30,518 [WARN] DbFile:41 - Overriding database path with different value: C:\Users\steph\.stmcufinder\plugins\mcufinder/ => C:\Users\steph\.stmcufinder\plugins\mcufinder
2024-03-07 15:02:30,518 [INFO] CrossReferenceDbSqlite:203 - Set database path to: C:\Users\steph\.stmcufinder\plugins\mcufinder//mcu/cs/
2024-03-07 15:02:30,567 [INFO] MainPanel:262 - HeapMemory: 268435456
2024-03-07 15:02:30,630 [INFO] DbMcusXml:78 - Set database path to: C:\ST\STM32CubeIDE_1.13.1\STM32CubeIDE\plugins\com.st.stm32cube.common.mx_6.9.1.202307191849\\db\/mcu/
2024-03-07 15:02:30,630 [INFO] ApiDb:274 - Set plugin database path to: C:\ST\STM32CubeIDE_1.13.1\STM32CubeIDE\plugins\com.st.stm32cube.common.mx_6.9.1.202307191849\\db\/plugins/boardmanager/
2024-03-07 15:02:30,630 [INFO] ApiDb:261 - Set plugin images path to: C:\ST\STM32CubeIDE_1.13.1\STM32CubeIDE\plugins\com.st.stm32cube.common.mx_6.9.1.202307191849\\db\/plugins/mcufinder/images/
2024-03-07 15:02:30,631 [WARN] DbFile:41 - Overriding database path with different value: C:\Users\steph\.stmcufinder\plugins\mcufinder/ => C:\Users\steph\.stmcufinder\plugins\mcufinder
2024-03-07 15:02:30,631 [INFO] ApiDb:250 - Set database path to: C:\Users\steph\.stmcufinder\plugins\mcufinder//mcu/
2024-03-07 15:02:30,631 [WARN] DbFile:41 - Overriding database path with different value: C:\Users\steph\.stmcufinder\plugins\mcufinder/ => C:\Users\steph\.stmcufinder\plugins\mcufinder
2024-03-07 15:02:30,631 [INFO] DbMcusAds:125 - Set database path to: C:\Users\steph\.stmcufinder\plugins\mcufinder//mcu/
2024-03-07 15:02:30,631 [WARN] DbFile:41 - Overriding database path with different value: C:\Users\steph\.stmcufinder\plugins\mcufinder/ => C:\Users\steph\.stmcufinder\plugins\mcufinder
2024-03-07 15:02:30,631 [WARN] DbFile:41 - Overriding database path with different value: C:\Users\steph\.stmcufinder\plugins\mcufinder/ => C:\Users\steph\.stmcufinder\plugins\mcufinder
2024-03-07 15:02:30,631 [INFO] CrossReferenceDbSqlite:203 - Set database path to: C:\Users\steph\.stmcufinder\plugins\mcufinder//mcu/cs/
2024-03-07 15:02:30,644 [INFO] ApplicationProperties:184 - Using Application install path: C:\ST\STM32CubeIDE_1.13.1\STM32CubeIDE\plugins\com.st.stm32cube.common.mx_6.9.1.202307191849
2024-03-07 15:02:30,645 [INFO] PluginManage:196 - Search for loadable plugins [exclusion list=, ]
2024-03-07 15:02:30,646 [INFO] PluginManage:310 - Check plugin analytics
2024-03-07 15:02:30,758 [INFO] AnalyticsPlugin:253 - Accepted Software Licenses: 
2024-03-07 15:02:30,758 [INFO] AnalyticsPlugin:255 - Accepted CMSIS Pack Licenses: 
2024-03-07 15:02:30,758 [INFO] AnalyticsPlugin:257 - Accepted Firmware Licenses: 
2024-03-07 15:02:30,762 [INFO] PluginManage:359 - Loaded plugin analytics (category:tool,tabindex:-1)
2024-03-07 15:02:30,762 [INFO] PluginManage:310 - Check plugin cadmodel
2024-03-07 15:02:30,765 [INFO] CADModel:105 - Init CAD model plugin
2024-03-07 15:02:30,765 [INFO] PluginManage:359 - Loaded plugin cadmodel (category:power,tabindex:5)
2024-03-07 15:02:30,765 [INFO] PluginManage:310 - Check plugin clock
2024-03-07 15:02:30,772 [INFO] PluginManage:359 - Loaded plugin clock (category:base,tabindex:2)
2024-03-07 15:02:30,772 [INFO] PluginManage:310 - Check plugin ddr
2024-03-07 15:02:30,774 [INFO] PluginManage:359 - Loaded plugin ddr (category:tool,tabindex:6)
2024-03-07 15:02:30,774 [INFO] PluginManage:310 - Check plugin filemanager
2024-03-07 15:02:30,861 [INFO] PluginManage:359 - Loaded plugin filemanager (category:base,tabindex:10)
2024-03-07 15:02:30,861 [INFO] PluginManage:310 - Check plugin ipmanager
2024-03-07 15:02:30,866 [INFO] PluginManage:359 - Loaded plugin ipmanager (category:base,tabindex:5)
2024-03-07 15:02:30,866 [INFO] PluginManage:310 - Check plugin lpbam
2024-03-07 15:02:30,872 [INFO] PluginManage:359 - Loaded plugin lpbam (category:base,tabindex:0)
2024-03-07 15:02:30,872 [INFO] PluginManage:310 - Check plugin memorymap
2024-03-07 15:02:30,879 [INFO] PluginManage:359 - Loaded plugin memorymap (category:base,tabindex:4)
2024-03-07 15:02:30,879 [INFO] PluginManage:310 - Check plugin pinoutandconfiguration
2024-03-07 15:02:30,884 [INFO] PluginManage:359 - Loaded plugin pinoutandconfiguration (category:base,tabindex:1)
2024-03-07 15:02:30,884 [INFO] PluginManage:310 - Check plugin pinoutconfig
2024-03-07 15:02:30,941 [WARN] SupportedApi:132 - Cannot load RTOS API schema: s4s-elt-must-match.1: The content of 'definitions' must match (annotation?, (simpleType | complexType)?, (unique | key | keyref)*)). A problem was found starting at: attribute.
2024-03-07 15:02:31,057 [INFO] PluginManage:359 - Loaded plugin pinoutconfig (category:base,tabindex:0)
2024-03-07 15:02:31,057 [INFO] PluginManage:310 - Check plugin power
2024-03-07 15:02:31,063 [INFO] PluginManage:359 - Loaded plugin power (category:power,tabindex:4)
2024-03-07 15:02:31,063 [INFO] PluginManage:310 - Check plugin projectmanager
2024-03-07 15:02:31,073 [INFO] PluginManage:359 - Loaded plugin projectmanager (category:projectmanager,tabindex:3)
2024-03-07 15:02:31,073 [INFO] PluginManage:310 - Check plugin thirdparty
2024-03-07 15:02:31,157 [INFO] PluginManage:359 - Loaded plugin thirdparty (category:base,tabindex:-1)
2024-03-07 15:02:31,157 [INFO] PluginManage:310 - Check plugin tools
2024-03-07 15:02:31,157 [WARN] IntegrityCheckThread:84 - waiting for thirdparty lock release [integrity check]
2024-03-07 15:02:31,157 [INFO] IntegrityCheckThread:86 - entering critical section [integrity check]
2024-03-07 15:02:31,157 [INFO] ThirdPartyUpdaterWithRetryManager:70 - Updater plugin not ready yet. [1/15]
2024-03-07 15:02:31,158 [INFO] PluginManage:359 - Loaded plugin tools (category:base,tabindex:7)
2024-03-07 15:02:31,159 [INFO] PluginManage:310 - Check plugin tutovideos
2024-03-07 15:02:31,272 [INFO] PluginManage:359 - Loaded plugin tutovideos (category:base,tabindex:-1)
2024-03-07 15:02:31,272 [INFO] PluginManage:310 - Check plugin updater
2024-03-07 15:02:31,280 [INFO] PluginManage:359 - Loaded plugin updater (category:base,tabindex:12)
2024-03-07 15:02:31,281 [INFO] PluginManage:310 - Check plugin userauth
2024-03-07 15:02:31,284 [INFO] UserAuth:113 - Init User Auth plugin
2024-03-07 15:02:31,284 [INFO] PluginManage:359 - Loaded plugin userauth (category:base,tabindex:14)
2024-03-07 15:02:31,284 [INFO] PluginManage:283 - PluginManage : Loaded plugins [17]
2024-03-07 15:02:31,454 [INFO] PinOutPanel:1499 - setPackage(No Configuration,No Configuration)
2024-03-07 15:02:31,545 [INFO] CADModel:165 - CPN selected for project level
2024-03-07 15:02:31,545 [INFO] CADModel:114 - Register for checkConnection events
2024-03-07 15:02:31,556 [INFO] IPUIPlugin:80 - create IPUIPlugin
2024-03-07 15:02:31,557 [INFO] PluginManager:220 - loadIPPluginJar : add adc
2024-03-07 15:02:31,558 [INFO] IPUIPlugin:80 - create IPUIPlugin
2024-03-07 15:02:31,558 [INFO] PluginManager:220 - loadIPPluginJar : add aes
2024-03-07 15:02:31,560 [INFO] IPUIPlugin:80 - create IPUIPlugin
2024-03-07 15:02:31,560 [INFO] PluginManager:220 - loadIPPluginJar : add can
2024-03-07 15:02:31,561 [INFO] IPUIPlugin:80 - create IPUIPlugin
2024-03-07 15:02:31,561 [INFO] PluginManager:220 - loadIPPluginJar : add comp
2024-03-07 15:02:31,562 [INFO] IPUIPlugin:80 - create IPUIPlugin
2024-03-07 15:02:31,562 [INFO] PluginManager:220 - loadIPPluginJar : add cryp
2024-03-07 15:02:31,564 [INFO] IPUIPlugin:80 - create IPUIPlugin
2024-03-07 15:02:31,564 [INFO] PluginManager:220 - loadIPPluginJar : add dfsdm
2024-03-07 15:02:31,567 [INFO] IPUIPlugin:80 - create IPUIPlugin
2024-03-07 15:02:31,567 [INFO] PluginManager:220 - loadIPPluginJar : add dma
2024-03-07 15:02:31,569 [INFO] IPUIPlugin:80 - create IPUIPlugin
2024-03-07 15:02:31,569 [INFO] PluginManager:220 - loadIPPluginJar : add dma3
2024-03-07 15:02:31,569 [INFO] IPUIPlugin:80 - create IPUIPlugin
2024-03-07 15:02:31,569 [INFO] PluginManager:220 - loadIPPluginJar : add fatfs
2024-03-07 15:02:31,572 [INFO] IPUIPlugin:80 - create IPUIPlugin
2024-03-07 15:02:31,572 [INFO] PluginManager:220 - loadIPPluginJar : add fmc
2024-03-07 15:02:31,575 [INFO] IPUIPlugin:80 - create IPUIPlugin
2024-03-07 15:02:31,576 [INFO] PluginManager:220 - loadIPPluginJar : add freertos
2024-03-07 15:02:31,576 [INFO] IPUIPlugin:80 - create IPUIPlugin
2024-03-07 15:02:31,576 [INFO] PluginManager:220 - loadIPPluginJar : add genericplugin
2024-03-07 15:02:31,578 [INFO] IPUIPlugin:80 - create IPUIPlugin
2024-03-07 15:02:31,578 [INFO] PluginManager:220 - loadIPPluginJar : add gfxmmu
2024-03-07 15:02:31,581 [INFO] IPUIPlugin:80 - create IPUIPlugin
2024-03-07 15:02:31,581 [INFO] PluginManager:220 - loadIPPluginJar : add gic
2024-03-07 15:02:31,584 [INFO] IPUIPlugin:80 - create IPUIPlugin
2024-03-07 15:02:31,584 [INFO] PluginManager:220 - loadIPPluginJar : add gpio
2024-03-07 15:02:31,586 [INFO] IPUIPlugin:80 - create IPUIPlugin
2024-03-07 15:02:31,586 [INFO] PluginManager:220 - loadIPPluginJar : add gtzc
2024-03-07 15:02:31,587 [INFO] IPUIPlugin:80 - create IPUIPlugin
2024-03-07 15:02:31,588 [INFO] PluginManager:220 - loadIPPluginJar : add hash
2024-03-07 15:02:31,589 [INFO] IPUIPlugin:80 - create IPUIPlugin
2024-03-07 15:02:31,589 [INFO] PluginManager:220 - loadIPPluginJar : add i2c
2024-03-07 15:02:31,591 [INFO] IPUIPlugin:80 - create IPUIPlugin
2024-03-07 15:02:31,591 [INFO] PluginManager:220 - loadIPPluginJar : add i2s
2024-03-07 15:02:31,593 [INFO] IPUIPlugin:80 - create IPUIPlugin
2024-03-07 15:02:31,593 [INFO] PluginManager:220 - loadIPPluginJar : add i3c
2024-03-07 15:02:31,595 [INFO] IPUIPlugin:80 - create IPUIPlugin
2024-03-07 15:02:31,595 [INFO] PluginManager:220 - loadIPPluginJar : add ipddr
2024-03-07 15:02:31,599 [INFO] IPUIPlugin:80 - create IPUIPlugin
2024-03-07 15:02:31,600 [INFO] PluginManager:220 - loadIPPluginJar : add linkedlist
2024-03-07 15:02:31,602 [INFO] IPUIPlugin:80 - create IPUIPlugin
2024-03-07 15:02:31,602 [INFO] PluginManager:220 - loadIPPluginJar : add lorawan
2024-03-07 15:02:31,603 [INFO] IPUIPlugin:80 - create IPUIPlugin
2024-03-07 15:02:31,603 [INFO] PluginManager:220 - loadIPPluginJar : add ltdc
2024-03-07 15:02:31,607 [INFO] IPUIPlugin:80 - create IPUIPlugin
2024-03-07 15:02:31,607 [INFO] PluginManager:220 - loadIPPluginJar : add mdma
2024-03-07 15:02:31,609 [INFO] IPUIPlugin:80 - create IPUIPlugin
2024-03-07 15:02:31,610 [INFO] PluginManager:220 - loadIPPluginJar : add nvic
2024-03-07 15:02:31,611 [INFO] IPUIPlugin:80 - create IPUIPlugin
2024-03-07 15:02:31,612 [INFO] PluginManager:220 - loadIPPluginJar : add opamp
2024-03-07 15:02:31,613 [INFO] IPUIPlugin:80 - create IPUIPlugin
2024-03-07 15:02:31,613 [INFO] PluginManager:220 - loadIPPluginJar : add openamp
2024-03-07 15:02:31,615 [INFO] IPUIPlugin:80 - create IPUIPlugin
2024-03-07 15:02:31,615 [INFO] PluginManager:220 - loadIPPluginJar : add pdm2pcm
2024-03-07 15:02:31,619 [INFO] IPUIPlugin:80 - create IPUIPlugin
2024-03-07 15:02:31,621 [INFO] PluginManager:220 - loadIPPluginJar : add plateformsettings
2024-03-07 15:02:31,622 [INFO] IPUIPlugin:80 - create IPUIPlugin
2024-03-07 15:02:31,622 [INFO] PluginManager:220 - loadIPPluginJar : add quadspi
2024-03-07 15:02:31,625 [INFO] IPUIPlugin:80 - create IPUIPlugin
2024-03-07 15:02:31,625 [INFO] PluginManager:220 - loadIPPluginJar : add resmgrutility
2024-03-07 15:02:31,627 [INFO] IPUIPlugin:80 - create IPUIPlugin
2024-03-07 15:02:31,627 [INFO] PluginManager:220 - loadIPPluginJar : add sai
2024-03-07 15:02:31,628 [INFO] IPUIPlugin:80 - create IPUIPlugin
2024-03-07 15:02:31,628 [INFO] PluginManager:220 - loadIPPluginJar : add spi
2024-03-07 15:02:31,631 [INFO] IPUIPlugin:80 - create IPUIPlugin
2024-03-07 15:02:31,631 [INFO] PluginManager:220 - loadIPPluginJar : add stm32_wpan
2024-03-07 15:02:31,632 [INFO] IPUIPlugin:80 - create IPUIPlugin
2024-03-07 15:02:31,632 [INFO] PluginManager:220 - loadIPPluginJar : add tim
2024-03-07 15:02:31,634 [INFO] IPUIPlugin:80 - create IPUIPlugin
2024-03-07 15:02:31,634 [INFO] PluginManager:220 - loadIPPluginJar : add touchsensing
2024-03-07 15:02:31,635 [INFO] IPUIPlugin:80 - create IPUIPlugin
2024-03-07 15:02:31,635 [INFO] PluginManager:220 - loadIPPluginJar : add tracer_emb
2024-03-07 15:02:31,636 [INFO] IPUIPlugin:80 - create IPUIPlugin
2024-03-07 15:02:31,636 [INFO] PluginManager:220 - loadIPPluginJar : add ts
2024-03-07 15:02:31,637 [INFO] IPUIPlugin:80 - create IPUIPlugin
2024-03-07 15:02:31,637 [INFO] PluginManager:220 - loadIPPluginJar : add tsc
2024-03-07 15:02:31,638 [INFO] IPUIPlugin:80 - create IPUIPlugin
2024-03-07 15:02:31,638 [INFO] PluginManager:220 - loadIPPluginJar : add ucpd
2024-03-07 15:02:31,640 [INFO] IPUIPlugin:80 - create IPUIPlugin
2024-03-07 15:02:31,640 [INFO] PluginManager:220 - loadIPPluginJar : add usart
2024-03-07 15:02:31,641 [INFO] IPUIPlugin:80 - create IPUIPlugin
2024-03-07 15:02:31,642 [INFO] PluginManager:220 - loadIPPluginJar : add usbx
2024-03-07 15:02:31,750 [INFO] CADModel:165 - CPN selected for project level
2024-03-07 15:02:31,750 [INFO] CADModel:114 - Register for checkConnection events
2024-03-07 15:02:31,750 [FATAL] Updater:308 - Updater called before beeing initialized
2024-03-07 15:02:31,750 [ERROR] CADModel:125 - Updater not yet initialized, retry later 
2024-03-07 15:02:31,850 [INFO] CADModel:165 - CPN selected for project level
2024-03-07 15:02:31,850 [INFO] CADModel:114 - Register for checkConnection events
2024-03-07 15:02:31,850 [FATAL] Updater:308 - Updater called before beeing initialized
2024-03-07 15:02:31,850 [ERROR] CADModel:125 - Updater not yet initialized, retry later 
2024-03-07 15:02:31,852 [FATAL] Updater:308 - Updater called before beeing initialized
2024-03-07 15:02:31,932 [FATAL] Updater:308 - Updater called before beeing initialized
2024-03-07 15:02:31,937 [INFO] DbMcusAds:53 - JSON generation date=Wed Nov 29 05:52:27 EST 2023 (1701255147349)
2024-03-07 15:02:31,938 [FATAL] Updater:308 - Updater called before beeing initialized
2024-03-07 15:02:31,964 [WARN] DetailPanel:346 - Failed to get advertising image, set to default
2024-03-07 15:02:32,039 [FATAL] Updater:308 - Updater called before beeing initialized
2024-03-07 15:02:32,041 [FATAL] Updater:308 - Updater called before beeing initialized
2024-03-07 15:02:32,041 [FATAL] Updater:308 - Updater called before beeing initialized
2024-03-07 15:02:32,041 [WARN] DetailPanel:346 - Failed to get advertising image, set to default
2024-03-07 15:02:32,041 [FATAL] Updater:308 - Updater called before beeing initialized
2024-03-07 15:02:32,071 [ERROR] Updater:1120 - MainUpdater not yet initialized. External WinMGr cannot be set.
2024-03-07 15:02:32,073 [INFO] Updater:1056 - Updater Version found : 6.9.1
2024-03-07 15:02:32,084 [INFO] ApplicationProperties:184 - Using Application install path: C:\ST\STM32CubeIDE_1.13.1\STM32CubeIDE\plugins\com.st.stm32cube.common.mx_6.9.1.202307191849
2024-03-07 15:02:33,453 [INFO] MainUpdater:2868 - connection check result : 10
2024-03-07 15:02:33,454 [INFO] MainUpdater:285 - Updater Check For Update Now.
2024-03-07 15:02:33,454 [INFO] MicroXplorer:498 - Change Database Version : DB.6.0.91
2024-03-07 15:02:33,459 [INFO] McuFinderGlobals:63 - Set McuFinder mode to 2 (CubeIDE integrated)
2024-03-07 15:02:33,622 [INFO] CheckServerUpdateThread:120 - End of CheckServer Thread
2024-03-07 15:02:34,277 [WARN] PackLoader:240 - Cannot read IP mode file for STMicroelectronics.X-CUBE-SMBUS.2.1.0
2024-03-07 15:02:34,282 [WARN] PackLoader:240 - Cannot read IP mode file for STMicroelectronics.X-CUBE-TOUCHGFX.4.23.0
2024-03-07 15:02:34,325 [WARN] PackLoader:240 - Cannot read IP mode file for STMicroelectronics.X-CUBE-AZRTOS-F7.1.1.0
2024-03-07 15:02:34,335 [WARN] PackLoader:240 - Cannot read IP mode file for STMicroelectronics.FP-SNS-MOTENV1.4.3.2
2024-03-07 15:02:34,341 [WARN] PackLoader:240 - Cannot read IP mode file for STMicroelectronics.FP-SNS-FLIGHT1.5.0.2
2024-03-07 15:02:34,348 [WARN] PackLoader:240 - Cannot read IP mode file for STMicroelectronics.X-CUBE-DISPLAY.3.0.0
2024-03-07 15:02:34,358 [WARN] PackLoader:240 - Cannot read IP mode file for STMicroelectronics.X-CUBE-BLE1.7.0.0
2024-03-07 15:02:34,363 [WARN] PackLoader:240 - Cannot read IP mode file for emotas.I-CUBE-CANOPEN.1.3.0
2024-03-07 15:02:34,365 [WARN] PackLoader:240 - Cannot read IP mode file for STMicroelectronics.X-CUBE-TOUCHGFX.4.22.0
2024-03-07 15:02:34,367 [WARN] PackLoader:240 - Cannot read IP mode file for STMicroelectronics.X-CUBE-TOUCHGFX.4.22.1
2024-03-07 15:02:34,375 [WARN] PackLoader:240 - Cannot read IP mode file for STMicroelectronics.X-CUBE-BLEMGR.3.1.0
2024-03-07 15:02:34,382 [WARN] PackLoader:240 - Cannot read IP mode file for STMicroelectronics.FP-SNS-SMARTAG2.1.2.0
2024-03-07 15:02:34,391 [INFO] LogOutputStream:77 - [STDOUT_REDIRECT] 1 : Invalid condition id : UX_CORESTACK_Condition cause : null
2024-03-07 15:02:34,392 [INFO] LogOutputStream:77 - [STDOUT_REDIRECT] 1 : Invalid condition id : UX_CORESTACK_Condition cause : null
2024-03-07 15:02:34,393 [INFO] LogOutputStream:77 - [STDOUT_REDIRECT] 1 : Invalid condition id : UX_CORESTACK_Condition cause : null
2024-03-07 15:02:34,393 [INFO] LogOutputStream:77 - [STDOUT_REDIRECT] 1 : Invalid condition id : UX_CORESTACK_Condition cause : null
2024-03-07 15:02:34,394 [INFO] LogOutputStream:77 - [STDOUT_REDIRECT] 1 : Invalid condition id : UX_CORESTACK_Condition cause : null
2024-03-07 15:02:34,397 [WARN] PackLoader:240 - Cannot read IP mode file for STMicroelectronics.X-CUBE-AZRTOS-WL.2.0.0
2024-03-07 15:02:34,404 [WARN] PackLoader:240 - Cannot read IP mode file for WES.I-CUBE-Cesium.1.3.0
2024-03-07 15:02:34,407 [WARN] PackLoader:240 - Cannot read IP mode file for STMicroelectronics.X-CUBE-BLE2.3.3.0
2024-03-07 15:02:34,412 [WARN] PackLoader:240 - Cannot read IP mode file for STMicroelectronics.X-CUBE-ALGOBUILD.1.3.0
2024-03-07 15:02:34,425 [WARN] PackLoader:240 - Cannot read IP mode file for STMicroelectronics.X-CUBE-AZRTOS-G0.1.1.0
2024-03-07 15:02:34,430 [WARN] PackLoader:240 - Cannot read IP mode file for STMicroelectronics.X-CUBE-NFC4.3.0.0
2024-03-07 15:02:34,436 [WARN] PackLoader:240 - Cannot read IP mode file for STMicroelectronics.X-CUBE-BLEMGR.3.0.0
2024-03-07 15:02:34,441 [WARN] PackLoader:240 - Cannot read IP mode file for STMicroelectronics.FP-ATR-SIGFOX1.3.2.0
2024-03-07 15:02:34,445 [WARN] PackLoader:240 - Cannot read IP mode file for STMicroelectronics.X-CUBE-EEPRMA1.5.1.0
2024-03-07 15:02:34,478 [WARN] PackLoader:240 - Cannot read IP mode file for SEGGER.I-CUBE-embOS.1.3.1
2024-03-07 15:02:34,512 [WARN] PackLoader:240 - Cannot read IP mode file for STMicroelectronics.X-CUBE-GNSS1.6.0.0
2024-03-07 15:02:34,526 [WARN] PackLoader:240 - Cannot read IP mode file for STMicroelectronics.X-CUBE-AZRTOS-F4.1.1.0
2024-03-07 15:02:34,531 [WARN] PackLoader:240 - Cannot read IP mode file for wolfSSL.I-CUBE-wolfSSL.5.6.3
2024-03-07 15:02:34,549 [WARN] PackLoader:240 - Cannot read IP mode file for STMicroelectronics.X-CUBE-AZRTOS-L5.2.0.0
2024-03-07 15:02:34,593 [WARN] PackLoader:240 - Cannot read IP mode file for STMicroelectronics.X-CUBE-MEMS1.9.6.0
2024-03-07 15:02:34,708 [WARN] PackLoader:240 - Cannot read IP mode file for STMicroelectronics.X-CUBE-EEPRMA1.4.2.0
2024-03-07 15:02:34,712 [WARN] PackLoader:240 - Cannot read IP mode file for ITTIA_DB.I-CUBE-ITTIADB.8.8.0
2024-03-07 15:02:34,717 [WARN] PackLoader:240 - Cannot read IP mode file for STMicroelectronics.X-CUBE-BLEMGR.2.0.0
2024-03-07 15:02:34,728 [WARN] ConditionMgr:438 - getConditionDescription Invalid condition id : UX DEVICE CLASS RTOS Condition cause : null
2024-03-07 15:02:34,728 [WARN] ConditionMgr:438 - getConditionDescription Invalid condition id : UX DEVICE CLASS RTOS Condition cause : null
2024-03-07 15:02:34,730 [WARN] PackLoader:240 - Cannot read IP mode file for STMicroelectronics.X-CUBE-AZRTOS-H7.3.1.0
2024-03-07 15:02:34,731 [WARN] ConditionMgr:1039 - genDependencies : Invalid condition id : UX DEVICE CLASS RTOS Condition cause : null
2024-03-07 15:02:34,731 [WARN] ConditionMgr:1039 - genDependencies : Invalid condition id : UX DEVICE CLASS RTOS Condition cause : null
2024-03-07 15:02:34,732 [WARN] ConditionMgr:1039 - genDependencies : Invalid condition id : UX DEVICE CLASS RTOS Condition cause : null
2024-03-07 15:02:34,732 [WARN] ConditionMgr:1039 - genDependencies : Invalid condition id : UX DEVICE CLASS RTOS Condition cause : null
2024-03-07 15:02:34,732 [WARN] ConditionMgr:1039 - genDependencies : Invalid condition id : UX DEVICE CLASS RTOS Condition cause : null
2024-03-07 15:02:34,737 [WARN] PackLoader:240 - Cannot read IP mode file for STMicroelectronics.X-CUBE-NFC7.1.0.1
2024-03-07 15:02:34,742 [WARN] PackLoader:240 - Cannot read IP mode file for STMicroelectronics.X-CUBE-NFC6.3.0.0
2024-03-07 15:02:34,746 [WARN] PackLoader:240 - Cannot read IP mode file for STMicroelectronics.X-CUBE-EEPRMA1.4.1.0
2024-03-07 15:02:34,750 [WARN] PackLoader:240 - Cannot read IP mode file for STMicroelectronics.X-CUBE-AI.8.1.0
2024-03-07 15:02:34,760 [WARN] ConditionMgr:438 - getConditionDescription Invalid condition id : LAN8742 Phy interface Condition cause : null
2024-03-07 15:02:34,760 [WARN] PackLoader:240 - Cannot read IP mode file for STMicroelectronics.X-CUBE-AZRTOS-L4.2.0.0
2024-03-07 15:02:34,761 [WARN] ConditionMgr:1039 - genDependencies : Invalid condition id : LAN8742 Phy interface Condition cause : null
2024-03-07 15:02:34,761 [WARN] ConditionMgr:1039 - genDependencies : Invalid condition id : LAN8742 Phy interface Condition cause : null
2024-03-07 15:02:34,762 [WARN] ConditionMgr:1039 - genDependencies : Invalid condition id : LAN8742 Phy interface Condition cause : null
2024-03-07 15:02:34,768 [WARN] PackLoader:240 - Cannot read IP mode file for STMicroelectronics.X-CUBE-SFXS2LP1.4.0.0
2024-03-07 15:02:34,771 [WARN] PackLoader:240 - Cannot read IP mode file for STMicroelectronics.X-CUBE-ISPU.1.1.0
2024-03-07 15:02:34,781 [WARN] ConditionMgr:438 - getConditionDescription Invalid condition id : UX DEVICE CLASS RTOS Condition cause : null
2024-03-07 15:02:34,781 [WARN] ConditionMgr:438 - getConditionDescription Invalid condition id : UX DEVICE CLASS RTOS Condition cause : null
2024-03-07 15:02:34,782 [WARN] PackLoader:240 - Cannot read IP mode file for STMicroelectronics.X-CUBE-AZRTOS-WB.2.0.0
2024-03-07 15:02:34,783 [WARN] ConditionMgr:1039 - genDependencies : Invalid condition id : UX DEVICE CLASS RTOS Condition cause : null
2024-03-07 15:02:34,783 [WARN] ConditionMgr:1039 - genDependencies : Invalid condition id : UX DEVICE CLASS RTOS Condition cause : null
2024-03-07 15:02:34,783 [WARN] ConditionMgr:1039 - genDependencies : Invalid condition id : UX DEVICE CLASS RTOS Condition cause : null
2024-03-07 15:02:34,783 [WARN] ConditionMgr:1039 - genDependencies : Invalid condition id : UX DEVICE CLASS RTOS Condition cause : null
2024-03-07 15:02:34,784 [WARN] ConditionMgr:1039 - genDependencies : Invalid condition id : UX DEVICE CLASS RTOS Condition cause : null
2024-03-07 15:02:34,791 [WARN] PackLoader:240 - Cannot read IP mode file for STMicroelectronics.X-CUBE-SUBG2.5.0.0
2024-03-07 15:02:34,800 [WARN] PackLoader:240 - Cannot read IP mode file for STMicroelectronics.X-CUBE-TOF1.3.3.1
2024-03-07 15:02:34,816 [WARN] PackLoader:240 - Cannot read IP mode file for STMicroelectronics.X-CUBE-AZRTOS-G4.2.0.0
2024-03-07 15:02:34,824 [WARN] PackLoader:240 - Cannot read IP mode file for Infineon.AIROC-Wi-Fi-Bluetooth-STM32.1.5.1
2024-03-07 15:02:34,829 [WARN] PackLoader:240 - Cannot read IP mode file for STMicroelectronics.FP-SNS-MOTENVWB1.1.3.1
2024-03-07 15:02:34,831 [WARN] PackLoader:240 - Cannot read IP mode file for STMicroelectronics.X-CUBE-ISPU.2.0.0
2024-03-07 15:02:34,854 [WARN] PackLoader:240 - Cannot read IP mode file for STMicroelectronics.X-CUBE-MEMS1.10.0.0
2024-03-07 15:02:34,914 [WARN] PackLoader:240 - Cannot read IP mode file for STMicroelectronics.X-CUBE-FREERTOS.1.1.0
2024-03-07 15:02:34,917 [WARN] PackLoader:240 - Cannot read IP mode file for portGmbH.I-Cube-SoM-uGOAL.1.1.0
2024-03-07 15:02:34,920 [WARN] PackLoader:240 - Cannot read IP mode file for STMicroelectronics.X-CUBE-ALS.1.0.1
2024-03-07 15:02:34,923 [WARN] PackLoader:240 - Cannot read IP mode file for STMicroelectronics.FP-ATR-ASTRA1.2.0.0
2024-03-07 15:02:34,932 [WARN] PackLoader:240 - Cannot read IP mode file for STMicroelectronics.X-CUBE-TOF1.3.4.0
2024-03-07 15:02:34,944 [WARN] PackLoader:240 - Cannot read IP mode file for STMicroelectronics.X-CUBE-TOF1.3.4.1
2024-03-07 15:02:34,960 [WARN] PackLoader:240 - Cannot read IP mode file for STMicroelectronics.X-CUBE-AZRTOS-H7.3.2.0
2024-03-07 15:02:34,962 [INFO] ThirdParty:978 - Integrity check success = true
2024-03-07 15:02:34,962 [INFO] IntegrityCheckThread:100 - exiting critical section [integrity check]
2024-03-07 15:02:34,962 [INFO] IntegrityCheckThread:103 - End integrity checks thread
2024-03-07 15:02:53,919 [ERROR] LogOutputStream:75 - [STDERR_REDIRECT] SLF4J: Failed to load class "org.slf4j.impl.StaticLoggerBinder".
2024-03-07 15:02:53,920 [ERROR] LogOutputStream:75 - [STDERR_REDIRECT] SLF4J: Defaulting to no-operation (NOP) logger implementation
2024-03-07 15:02:53,921 [ERROR] LogOutputStream:75 - [STDERR_REDIRECT] SLF4J: See http://www.slf4j.org/codes.html#StaticLoggerBinder for further details.
2024-03-07 15:04:10,693 [INFO] McuFinderGlobals:63 - Set McuFinder mode to 2 (CubeIDE integrated)
2024-03-07 15:04:10,711 [INFO] MainUpdater:2868 - connection check result : 10
2024-03-07 15:04:10,728 [INFO] McuFinderGlobals:76 - Set McuFinderConnectedMode to true
2024-03-07 15:04:11,240 [INFO] ServerAccessManage:473 - Download File mcusAds.json._tmp_
2024-03-07 15:04:11,362 [INFO] LoadUrlFilesThread:156 - End of LoadUrlFiles Thread
2024-03-07 15:04:12,260 [INFO] ServerAccessManage:473 - Download File cube-finder-db.zip
2024-03-07 15:04:15,789 [INFO] FileExtend:240 - Unzip File : cube-finder-db.zip
2024-03-07 15:04:15,789 [INFO] FileExtend:255 - Standard Zip Deflate
2024-03-07 15:04:16,395 [INFO] LoadUrlFilesThread:156 - End of LoadUrlFiles Thread
2024-03-07 15:04:18,425 [INFO] ServerAccessManage:473 - Download File crdb.zip
2024-03-07 15:04:19,787 [INFO] FileExtend:240 - Unzip File : crdb.zip
2024-03-07 15:04:19,787 [INFO] FileExtend:255 - Standard Zip Deflate
2024-03-07 15:04:19,917 [INFO] LoadUrlFilesThread:156 - End of LoadUrlFiles Thread
2024-03-07 15:04:20,302 [INFO] ServerAccessManage:473 - Download File tutoVideoDB.zip
2024-03-07 15:04:20,316 [INFO] FileExtend:240 - Unzip File : tutoVideoDB.zip
2024-03-07 15:04:20,316 [INFO] FileExtend:255 - Standard Zip Deflate
2024-03-07 15:04:20,439 [INFO] LoadUrlFilesThread:156 - End of LoadUrlFiles Thread
2024-03-07 15:04:20,446 [WARN] DbFile:41 - Overriding database path with different value: C:\Users\steph\.stmcufinder\plugins\mcufinder/ => C:\Users\steph\.stmcufinder\plugins\mcufinder
2024-03-07 15:04:20,731 [INFO] ServerAccessManage:473 - Download File api_config.json
2024-03-07 15:04:20,842 [INFO] LoadUrlFilesThread:156 - End of LoadUrlFiles Thread
2024-03-07 15:04:20,845 [INFO] DbMcusAds:53 - JSON generation date=Wed Nov 29 05:52:28 EST 2023 (1701255148358)
2024-03-07 15:04:20,858 [INFO] LoadUrlFilesThread:185 - End of LoadServerUrlFiles without Thread
2024-03-07 15:04:20,858 [INFO] TargetSelectorAdapter:259 - Refresh data is successful
2024-03-07 15:04:21,045 [INFO] ApiDb:581 - Connected to CubeFinder SQLite database (C:\Users\steph\.stmcufinder\plugins\mcufinder\mcu\cube-finder-db.db)
2024-03-07 15:04:21,092 [INFO] ApiDb:668 - CubeFinder database Data Model version=2.1
2024-03-07 15:04:21,092 [INFO] ApiDb:669 - CubeFinder database Configuration version=3.0.39
2024-03-07 15:04:21,092 [INFO] ApiDb:670 - CubeFinder database generation date=2024-02-19 (1708350410)
2024-03-07 15:04:21,092 [INFO] ApiDb:671 - CubeFinder database FW Pack versions=[FP-ATR-ASTRA1_V2.0.0, FP-SNS-FLIGHT1_V5.0.1, FP-SNS-FLIGHT1_V5.0.2, FP-SNS-MOTENV1_V4.3.1, FP-SNS-MOTENV1_V4.3.2, FP-SNS-MOTENVWB1_V1.3.1, FP-SNS-SMARTAG2_V1.2.0, STM32Cube_FW_C0_V1.1.0, STM32Cube_FW_F4_V1.28.0, STM32Cube_FW_F7_V1.17.0, STM32Cube_FW_G0_V1.6.2, STM32Cube_FW_G4_V1.5.2, STM32Cube_FW_H5_V0.5.1, STM32Cube_FW_H5_V1.1.1, STM32Cube_FW_H5_V1.2.0RC2, STM32Cube_FW_H7_V1.11.0, STM32Cube_FW_L0_V1.12.2, STM32Cube_FW_L5_V1.5.0, STM32Cube_FW_U5_V1.3.0RC4, STM32Cube_FW_U5_V1.4.0, STM32Cube_FW_WBA_V1.0.0RC1, STM32Cube_FW_WBA_V1.1.0RC1, STM32Cube_FW_WBA_V1.2.0, STM32Cube_FW_WBA_V1.2.0RC2, STM32Cube_FW_WB_V1.15.0RC1, STM32Cube_FW_WB_V1.16.0, STM32Cube_FW_WB_V1.16.0RC2, STM32Cube_FW_WB_V1.18.0, STM32Cube_FW_WL_V1.3.0, X-CUBE-ALGOBUILD_V1.3.0, X-CUBE-ALS_V1.0.1, X-CUBE-AZRTOS-F4_V1.1.0, X-CUBE-AZRTOS-F7_V1.1.0, X-CUBE-AZRTOS-G0_V1.1.0, X-CUBE-AZRTOS-G4_V2.0.0, X-CUBE-AZRTOS-H7_V3.2.0, X-CUBE-AZRTOS-L4_V1.0.0, X-CUBE-AZRTOS-L4_V2.0.0, X-CUBE-AZRTOS-L5_V1.1.0, X-CUBE-AZRTOS-WB_V2.0.0, X-CUBE-AZRTOS-WL_V2.0.0, X-CUBE-BLE1_V7.0.0, X-CUBE-BLE2_V3.3.0, X-CUBE-BLEMGR_V3.0.0, X-CUBE-EEPRMA1_V4.1.0, X-CUBE-EEPRMA1_V5.1.0, X-CUBE-FREERTOS_V1.1.0, X-CUBE-GNSS1_V6.0.0, X-CUBE-MEMS1_V10.0.0, X-CUBE-MEMS1_V9.1.0, X-CUBE-MEMS1_V9.4.0, X-CUBE-MEMS1_V9.6.0, X-CUBE-NFC4_V3.0.0, X-CUBE-NFC7_V1.0.1, X-CUBE-SFXS2LP1_V4.0.0, X-CUBE-SUBG2_V5.0.0, X-CUBE-TOF1_V3.4.0]
2024-03-07 15:04:22,776 [INFO] ApiDb:240 - Found 323 in-development CPN: [B-G473E-ZEST1S, B-WB1M-WPAN1, B-WL5M-SUBG1, NUCLEO-C031C6, NUCLEO-H503RB, NUCLEO-H563ZI, NUCLEO-U545RE-Q, NUCLEO-U5A5ZJ-Q, NUCLEO-WBA52CG, STEVAL-PROTEUS1, STEVAL-SMARTAG2, STEVAL-STWINBX1, STM320518-EVAL, STM32C0116-DK, STM32C011D6Y3TR, STM32C011D6Y6TR, STM32C011F4P3, STM32C011F4P6, STM32C011F4U3, STM32C011F4U6TR, STM32C011F6P3, STM32C011F6P6, STM32C011F6U3, STM32C011F6U6TR, STM32C011J4M3, STM32C011J4M6, STM32C011J6M3, STM32C011J6M6, STM32C0316-DK, STM32C031C4T3, STM32C031C4T6, STM32C031C4U3, STM32C031C4U6, STM32C031C6T3, STM32C031C6T6, STM32C031C6U3, STM32C031C6U6, STM32C031F4P3, STM32C031F4P6, STM32C031F6P3, STM32C031F6P6, STM32C031G4U3, STM32C031G4U6, STM32C031G6U3, STM32C031G6U6, STM32C031K4T3, STM32C031K4T6, STM32C031K4U3, STM32C031K4U6, STM32C031K6T3, STM32C031K6T6, STM32C031K6U3, STM32C031K6U6, STM32G071K8TXN, STM32G071K8UXN, STM32G081GBU6N, STM32G081KBT6N, STM32G081KBUXN, STM32G0B1CCT6N, STM32G0B1KCT6, STM32G0B1NEY6TR, STM32G0B1RCT6N, STM32G0C1CCT6, STM32G0C1CCT6N, STM32G0C1CCU6N, STM32G0C1CET6N, STM32G0C1CEU6N, STM32G0C1KCT6, STM32G0C1NEY6TR, STM32G0C1RCI6N, STM32G0C1RCT6N, STM32G0C1REI6N, STM32G0C1RET6N, STM32G0C1VCI6, STM32G0C1VEI6, STM32G471CCT6, STM32G471CCU6, STM32G471CET3, STM32G471CET6, STM32G471CEU3, STM32G471CEU6, STM32G471MCT6, STM32G471MET3, STM32G471MET6, STM32G471MEY6TR, STM32G471QCT6, STM32G471QET3, STM32G471RCT6, STM32G471RET3, STM32G471RET6, STM32G471VCH6, STM32G471VCI6, STM32G471VCT6, STM32G471VEH3, STM32G471VEH6, STM32G471VEI3, STM32G471VEI6, STM32G471VET3, STM32G471VET6, STM32G474CCT6, STM32H503CBT6, STM32H503CBU6, STM32H503EBY6TR, STM32H503KBU6, STM32H503RBT6, STM32H562AGI6, STM32H562AII6, STM32H562IGK6, STM32H562IGT6, STM32H562IIK6, STM32H562IIT6, STM32H562RGT6, STM32H562RGV6, STM32H562RIT6, STM32H562RIV6, STM32H562VGT6, STM32H562VIT6, STM32H562ZGT6, STM32H562ZIT6, STM32H563AGI6, STM32H563AII3Q, STM32H563AII6, STM32H563IGK6, STM32H563IGT6, STM32H563IIK3Q, STM32H563IIK6, STM32H563IIT3Q, STM32H563IIT6, STM32H563MIY3QTR, STM32H563RGT6, STM32H563RGV6, STM32H563RIT6, STM32H563RIV6, STM32H563VGT6, STM32H563VIT3Q, STM32H563VIT6, STM32H563ZGT6, STM32H563ZIT3Q, STM32H563ZIT6, STM32H573AII3Q, STM32H573AII6, STM32H573I-DK, STM32H573IIK3Q, STM32H573IIK6, STM32H573IIT3Q, STM32H573IIT6, STM32H573MIY3QTR, STM32H573RIT6, STM32H573RIV6, STM32H573VIT3Q, STM32H573VIT6, STM32H573ZIT3Q, STM32H573ZIT6, STM32L4R5QGI6STR, STM32MP131AAE3, STM32MP131AAF3, STM32MP131AAG3, STM32MP131CAE3, STM32MP131CAF3, STM32MP131CAG3, STM32MP131DAE7, STM32MP131DAF7, STM32MP131DAG7, STM32MP131FAE7, STM32MP131FAF7, STM32MP131FAG7, STM32MP133AAE3, STM32MP133AAF3, STM32MP133AAG3, STM32MP133CAE3, STM32MP133CAF3, STM32MP133CAG3, STM32MP133DAE7, STM32MP133DAF7, STM32MP133DAG7, STM32MP133FAE7, STM32MP133FAF7, STM32MP133FAG7, STM32MP135AAE3, STM32MP135AAF3, STM32MP135AAG3, STM32MP135CAE3, STM32MP135CAF3, STM32MP135CAG3, STM32MP135DAE7, STM32MP135DAF7, STM32MP135DAG7, STM32MP135F-DK, STM32MP135FAE7, STM32MP135FAF7, STM32MP135FAF7T, STM32MP135FAF7U, STM32MP135FAG7, STM32U535CBT6, STM32U535CBT6Q, STM32U535CBU6, STM32U535CBU6Q, STM32U535CCT6, STM32U535CCT6Q, STM32U535CCU6, STM32U535CCU6Q, STM32U535CET6, STM32U535CET6Q, STM32U535CEU6, STM32U535CEU6Q, STM32U535JEY6QTR, STM32U535NCY6QTR, STM32U535NEY6QTR, STM32U535RBI6, STM32U535RBI6Q, STM32U535RBT6, STM32U535RBT6Q, STM32U535RCI6, STM32U535RCI6Q, STM32U535RCT6, STM32U535RCT6Q, STM32U535REI6, STM32U535REI6Q, STM32U535RET6, STM32U535RET6Q, STM32U535VCI6, STM32U535VCI6Q, STM32U535VCT6, STM32U535VCT6Q, STM32U535VEI6, STM32U535VEI6Q, STM32U535VET6, STM32U535VET6Q, STM32U545CET6, STM32U545CET6Q, STM32U545CEU6, STM32U545CEU6Q, STM32U545JEY6QTR, STM32U545NEY6QTR, STM32U545REI6, STM32U545REI6Q, STM32U545RET6, STM32U545RET6Q, STM32U545VEI6, STM32U545VEI6Q, STM32U545VET6, STM32U545VET6Q, STM32U595AIH6, STM32U595AIH6Q, STM32U595AJH6, STM32U595AJH6Q, STM32U595QII6, STM32U595QII6Q, STM32U595QJI6, STM32U595QJI6Q, STM32U595RIT6, STM32U595RIT6Q, STM32U595RJT6, STM32U595RJT6Q, STM32U595VIT6, STM32U595VIT6Q, STM32U595VJT6, STM32U595VJT6Q, STM32U595ZIT6, STM32U595ZIT6Q, STM32U595ZIY6QTR, STM32U595ZJT6, STM32U595ZJT6Q, STM32U595ZJY6QTR, STM32U599BJY6QTR, STM32U599NIH6Q, STM32U599NJH6Q, STM32U599VIT6Q, STM32U599VJT6, STM32U599VJT6Q, STM32U599ZIT6Q, STM32U599ZIY6QTR, STM32U599ZJT6Q, STM32U599ZJY6QTR, STM32U5A5AJH6, STM32U5A5AJH6Q, STM32U5A5QJI6, STM32U5A5QJI6Q, STM32U5A5RJT6, STM32U5A5RJT6Q, STM32U5A5VJT6, STM32U5A5VJT6Q, STM32U5A5ZJT6, STM32U5A5ZJT6Q, STM32U5A5ZJY6QTR, STM32U5A9BJY6QTR, STM32U5A9J-DK, STM32U5A9NJH6Q, STM32U5A9VJT6Q, STM32U5A9ZJT6Q, STM32U5A9ZJY6QTR, STM32U5F7VIT6, STM32U5F7VIT6Q, STM32U5F7VJT6, STM32U5F7VJT6Q, STM32U5F9BJY6QTR, STM32U5F9NJH6Q, STM32U5F9VIT6Q, STM32U5F9VJT6Q, STM32U5F9ZIJ6QTR, STM32U5F9ZIT6Q, STM32U5F9ZJJ6QTR, STM32U5F9ZJT6Q, STM32U5G7VJT6, STM32U5G7VJT6Q, STM32U5G9BJY6QTR, STM32U5G9J-DK1, STM32U5G9J-DK2, STM32U5G9NJH6Q, STM32U5G9VJT6Q, STM32U5G9ZJJ6QTR, STM32U5G9ZJT6Q, STM32WB1MMCH6, STM32WBA52CEU6, STM32WBA52CEU6T, STM32WBA52CGU6, STM32WBA52CGU6T, STM32WBA52KEU6, STM32WBA52KEU6T, STM32WBA52KGU6, STM32WBA52KGU6T, STM32WL5MOCH6, STM32WL5MOCH6TR]
2024-03-07 15:04:22,781 [INFO] DbMcus:217 - Found 3882 MCUs, 3882 are supported
2024-03-07 15:04:22,782 [INFO] ApiDb:423 - Load user favorites file C:\Users\steph/.stm32cubeide/favorites.mcus.txt: 0 item(s)
2024-03-07 15:04:22,782 [INFO] ApiDb:427 - User favorites MCUs=[]
2024-03-07 15:04:22,782 [INFO] DbMcus:223 - Set 0 / 0 favorites MCUs
2024-03-07 15:04:22,926 [INFO] ApiDb:668 - CubeFinder database Data Model version=2.1
2024-03-07 15:04:22,926 [INFO] ApiDb:669 - CubeFinder database Configuration version=3.0.39
2024-03-07 15:04:22,926 [INFO] ApiDb:670 - CubeFinder database generation date=2024-02-19 (1708350410)
2024-03-07 15:04:22,926 [INFO] ApiDb:671 - CubeFinder database FW Pack versions=[FP-ATR-ASTRA1_V2.0.0, FP-SNS-FLIGHT1_V5.0.1, FP-SNS-FLIGHT1_V5.0.2, FP-SNS-MOTENV1_V4.3.1, FP-SNS-MOTENV1_V4.3.2, FP-SNS-MOTENVWB1_V1.3.1, FP-SNS-SMARTAG2_V1.2.0, STM32Cube_FW_C0_V1.1.0, STM32Cube_FW_F4_V1.28.0, STM32Cube_FW_F7_V1.17.0, STM32Cube_FW_G0_V1.6.2, STM32Cube_FW_G4_V1.5.2, STM32Cube_FW_H5_V0.5.1, STM32Cube_FW_H5_V1.1.1, STM32Cube_FW_H5_V1.2.0RC2, STM32Cube_FW_H7_V1.11.0, STM32Cube_FW_L0_V1.12.2, STM32Cube_FW_L5_V1.5.0, STM32Cube_FW_U5_V1.3.0RC4, STM32Cube_FW_U5_V1.4.0, STM32Cube_FW_WBA_V1.0.0RC1, STM32Cube_FW_WBA_V1.1.0RC1, STM32Cube_FW_WBA_V1.2.0, STM32Cube_FW_WBA_V1.2.0RC2, STM32Cube_FW_WB_V1.15.0RC1, STM32Cube_FW_WB_V1.16.0, STM32Cube_FW_WB_V1.16.0RC2, STM32Cube_FW_WB_V1.18.0, STM32Cube_FW_WL_V1.3.0, X-CUBE-ALGOBUILD_V1.3.0, X-CUBE-ALS_V1.0.1, X-CUBE-AZRTOS-F4_V1.1.0, X-CUBE-AZRTOS-F7_V1.1.0, X-CUBE-AZRTOS-G0_V1.1.0, X-CUBE-AZRTOS-G4_V2.0.0, X-CUBE-AZRTOS-H7_V3.2.0, X-CUBE-AZRTOS-L4_V1.0.0, X-CUBE-AZRTOS-L4_V2.0.0, X-CUBE-AZRTOS-L5_V1.1.0, X-CUBE-AZRTOS-WB_V2.0.0, X-CUBE-AZRTOS-WL_V2.0.0, X-CUBE-BLE1_V7.0.0, X-CUBE-BLE2_V3.3.0, X-CUBE-BLEMGR_V3.0.0, X-CUBE-EEPRMA1_V4.1.0, X-CUBE-EEPRMA1_V5.1.0, X-CUBE-FREERTOS_V1.1.0, X-CUBE-GNSS1_V6.0.0, X-CUBE-MEMS1_V10.0.0, X-CUBE-MEMS1_V9.1.0, X-CUBE-MEMS1_V9.4.0, X-CUBE-MEMS1_V9.6.0, X-CUBE-NFC4_V3.0.0, X-CUBE-NFC7_V1.0.1, X-CUBE-SFXS2LP1_V4.0.0, X-CUBE-SUBG2_V5.0.0, X-CUBE-TOF1_V3.4.0]
2024-03-07 15:04:22,968 [INFO] DbBoardsSqlite:226 - include board P-NUCLEO-WB55-NUCLEO as a kit item of type 'Nucleo-64'
2024-03-07 15:04:22,969 [INFO] DbBoardsSqlite:226 - include board P-NUCLEO-WB55-USBDONGLE as a kit item of type 'Nucleo USB Dongle'
2024-03-07 15:04:22,969 [INFO] DbBoardsSqlite:226 - include board STEVAL-IDP005V1 as a kit item of type 'Evaluation Board'
2024-03-07 15:04:22,969 [INFO] DbBoardsSqlite:226 - include board STEVAL-IDP005V2 as a kit item of type 'Evaluation Board'
2024-03-07 15:04:23,009 [INFO] ApiDb:240 - Found 323 in-development CPN: [B-G473E-ZEST1S, B-WB1M-WPAN1, B-WL5M-SUBG1, NUCLEO-C031C6, NUCLEO-H503RB, NUCLEO-H563ZI, NUCLEO-U545RE-Q, NUCLEO-U5A5ZJ-Q, NUCLEO-WBA52CG, STEVAL-PROTEUS1, STEVAL-SMARTAG2, STEVAL-STWINBX1, STM320518-EVAL, STM32C0116-DK, STM32C011D6Y3TR, STM32C011D6Y6TR, STM32C011F4P3, STM32C011F4P6, STM32C011F4U3, STM32C011F4U6TR, STM32C011F6P3, STM32C011F6P6, STM32C011F6U3, STM32C011F6U6TR, STM32C011J4M3, STM32C011J4M6, STM32C011J6M3, STM32C011J6M6, STM32C0316-DK, STM32C031C4T3, STM32C031C4T6, STM32C031C4U3, STM32C031C4U6, STM32C031C6T3, STM32C031C6T6, STM32C031C6U3, STM32C031C6U6, STM32C031F4P3, STM32C031F4P6, STM32C031F6P3, STM32C031F6P6, STM32C031G4U3, STM32C031G4U6, STM32C031G6U3, STM32C031G6U6, STM32C031K4T3, STM32C031K4T6, STM32C031K4U3, STM32C031K4U6, STM32C031K6T3, STM32C031K6T6, STM32C031K6U3, STM32C031K6U6, STM32G071K8TXN, STM32G071K8UXN, STM32G081GBU6N, STM32G081KBT6N, STM32G081KBUXN, STM32G0B1CCT6N, STM32G0B1KCT6, STM32G0B1NEY6TR, STM32G0B1RCT6N, STM32G0C1CCT6, STM32G0C1CCT6N, STM32G0C1CCU6N, STM32G0C1CET6N, STM32G0C1CEU6N, STM32G0C1KCT6, STM32G0C1NEY6TR, STM32G0C1RCI6N, STM32G0C1RCT6N, STM32G0C1REI6N, STM32G0C1RET6N, STM32G0C1VCI6, STM32G0C1VEI6, STM32G471CCT6, STM32G471CCU6, STM32G471CET3, STM32G471CET6, STM32G471CEU3, STM32G471CEU6, STM32G471MCT6, STM32G471MET3, STM32G471MET6, STM32G471MEY6TR, STM32G471QCT6, STM32G471QET3, STM32G471RCT6, STM32G471RET3, STM32G471RET6, STM32G471VCH6, STM32G471VCI6, STM32G471VCT6, STM32G471VEH3, STM32G471VEH6, STM32G471VEI3, STM32G471VEI6, STM32G471VET3, STM32G471VET6, STM32G474CCT6, STM32H503CBT6, STM32H503CBU6, STM32H503EBY6TR, STM32H503KBU6, STM32H503RBT6, STM32H562AGI6, STM32H562AII6, STM32H562IGK6, STM32H562IGT6, STM32H562IIK6, STM32H562IIT6, STM32H562RGT6, STM32H562RGV6, STM32H562RIT6, STM32H562RIV6, STM32H562VGT6, STM32H562VIT6, STM32H562ZGT6, STM32H562ZIT6, STM32H563AGI6, STM32H563AII3Q, STM32H563AII6, STM32H563IGK6, STM32H563IGT6, STM32H563IIK3Q, STM32H563IIK6, STM32H563IIT3Q, STM32H563IIT6, STM32H563MIY3QTR, STM32H563RGT6, STM32H563RGV6, STM32H563RIT6, STM32H563RIV6, STM32H563VGT6, STM32H563VIT3Q, STM32H563VIT6, STM32H563ZGT6, STM32H563ZIT3Q, STM32H563ZIT6, STM32H573AII3Q, STM32H573AII6, STM32H573I-DK, STM32H573IIK3Q, STM32H573IIK6, STM32H573IIT3Q, STM32H573IIT6, STM32H573MIY3QTR, STM32H573RIT6, STM32H573RIV6, STM32H573VIT3Q, STM32H573VIT6, STM32H573ZIT3Q, STM32H573ZIT6, STM32L4R5QGI6STR, STM32MP131AAE3, STM32MP131AAF3, STM32MP131AAG3, STM32MP131CAE3, STM32MP131CAF3, STM32MP131CAG3, STM32MP131DAE7, STM32MP131DAF7, STM32MP131DAG7, STM32MP131FAE7, STM32MP131FAF7, STM32MP131FAG7, STM32MP133AAE3, STM32MP133AAF3, STM32MP133AAG3, STM32MP133CAE3, STM32MP133CAF3, STM32MP133CAG3, STM32MP133DAE7, STM32MP133DAF7, STM32MP133DAG7, STM32MP133FAE7, STM32MP133FAF7, STM32MP133FAG7, STM32MP135AAE3, STM32MP135AAF3, STM32MP135AAG3, STM32MP135CAE3, STM32MP135CAF3, STM32MP135CAG3, STM32MP135DAE7, STM32MP135DAF7, STM32MP135DAG7, STM32MP135F-DK, STM32MP135FAE7, STM32MP135FAF7, STM32MP135FAF7T, STM32MP135FAF7U, STM32MP135FAG7, STM32U535CBT6, STM32U535CBT6Q, STM32U535CBU6, STM32U535CBU6Q, STM32U535CCT6, STM32U535CCT6Q, STM32U535CCU6, STM32U535CCU6Q, STM32U535CET6, STM32U535CET6Q, STM32U535CEU6, STM32U535CEU6Q, STM32U535JEY6QTR, STM32U535NCY6QTR, STM32U535NEY6QTR, STM32U535RBI6, STM32U535RBI6Q, STM32U535RBT6, STM32U535RBT6Q, STM32U535RCI6, STM32U535RCI6Q, STM32U535RCT6, STM32U535RCT6Q, STM32U535REI6, STM32U535REI6Q, STM32U535RET6, STM32U535RET6Q, STM32U535VCI6, STM32U535VCI6Q, STM32U535VCT6, STM32U535VCT6Q, STM32U535VEI6, STM32U535VEI6Q, STM32U535VET6, STM32U535VET6Q, STM32U545CET6, STM32U545CET6Q, STM32U545CEU6, STM32U545CEU6Q, STM32U545JEY6QTR, STM32U545NEY6QTR, STM32U545REI6, STM32U545REI6Q, STM32U545RET6, STM32U545RET6Q, STM32U545VEI6, STM32U545VEI6Q, STM32U545VET6, STM32U545VET6Q, STM32U595AIH6, STM32U595AIH6Q, STM32U595AJH6, STM32U595AJH6Q, STM32U595QII6, STM32U595QII6Q, STM32U595QJI6, STM32U595QJI6Q, STM32U595RIT6, STM32U595RIT6Q, STM32U595RJT6, STM32U595RJT6Q, STM32U595VIT6, STM32U595VIT6Q, STM32U595VJT6, STM32U595VJT6Q, STM32U595ZIT6, STM32U595ZIT6Q, STM32U595ZIY6QTR, STM32U595ZJT6, STM32U595ZJT6Q, STM32U595ZJY6QTR, STM32U599BJY6QTR, STM32U599NIH6Q, STM32U599NJH6Q, STM32U599VIT6Q, STM32U599VJT6, STM32U599VJT6Q, STM32U599ZIT6Q, STM32U599ZIY6QTR, STM32U599ZJT6Q, STM32U599ZJY6QTR, STM32U5A5AJH6, STM32U5A5AJH6Q, STM32U5A5QJI6, STM32U5A5QJI6Q, STM32U5A5RJT6, STM32U5A5RJT6Q, STM32U5A5VJT6, STM32U5A5VJT6Q, STM32U5A5ZJT6, STM32U5A5ZJT6Q, STM32U5A5ZJY6QTR, STM32U5A9BJY6QTR, STM32U5A9J-DK, STM32U5A9NJH6Q, STM32U5A9VJT6Q, STM32U5A9ZJT6Q, STM32U5A9ZJY6QTR, STM32U5F7VIT6, STM32U5F7VIT6Q, STM32U5F7VJT6, STM32U5F7VJT6Q, STM32U5F9BJY6QTR, STM32U5F9NJH6Q, STM32U5F9VIT6Q, STM32U5F9VJT6Q, STM32U5F9ZIJ6QTR, STM32U5F9ZIT6Q, STM32U5F9ZJJ6QTR, STM32U5F9ZJT6Q, STM32U5G7VJT6, STM32U5G7VJT6Q, STM32U5G9BJY6QTR, STM32U5G9J-DK1, STM32U5G9J-DK2, STM32U5G9NJH6Q, STM32U5G9VJT6Q, STM32U5G9ZJJ6QTR, STM32U5G9ZJT6Q, STM32WB1MMCH6, STM32WBA52CEU6, STM32WBA52CEU6T, STM32WBA52CGU6, STM32WBA52CGU6T, STM32WBA52KEU6, STM32WBA52KEU6T, STM32WBA52KGU6, STM32WBA52KGU6T, STM32WL5MOCH6, STM32WL5MOCH6TR]
2024-03-07 15:04:23,119 [INFO] BoardInfo:880 - No configuration file found for board P-NUCLEO-WB55
2024-03-07 15:04:23,120 [INFO] DbBoards:157 - Kit is not supported: P-NUCLEO-WB55
2024-03-07 15:04:23,123 [INFO] BoardInfo:880 - No configuration file found for board STEVAL-BFA001V1B
2024-03-07 15:04:23,123 [INFO] DbBoards:157 - Kit is not supported: STEVAL-BFA001V1B
2024-03-07 15:04:23,124 [INFO] BoardInfo:880 - No configuration file found for board STEVAL-BFA001V2B
2024-03-07 15:04:23,124 [INFO] DbBoards:157 - Kit is not supported: STEVAL-BFA001V2B
2024-03-07 15:04:23,127 [INFO] BoardInfo:880 - No configuration file found for board STEVAL-MKBOXPRO
2024-03-07 15:04:23,127 [INFO] DbBoards:157 - Board is not supported: STEVAL-MKBOXPRO
2024-03-07 15:04:23,207 [INFO] DbBoards:161 - Found 191 boards, 187 are supported
2024-03-07 15:04:23,209 [INFO] ApiDb:423 - Load user favorites file C:\Users\steph/.stm32cubeide/favorites.boards.txt: 0 item(s)
2024-03-07 15:04:23,209 [INFO] ApiDb:427 - User favorites Boards=[]
2024-03-07 15:04:23,209 [INFO] DbBoards:190 - Set 0 / 0 favorites Boards
2024-03-07 15:04:23,211 [INFO] ApiDb:668 - CubeFinder database Data Model version=2.1
2024-03-07 15:04:23,211 [INFO] ApiDb:669 - CubeFinder database Configuration version=3.0.39
2024-03-07 15:04:23,211 [INFO] ApiDb:670 - CubeFinder database generation date=2024-02-19 (1708350410)
2024-03-07 15:04:23,212 [INFO] ApiDb:671 - CubeFinder database FW Pack versions=[FP-ATR-ASTRA1_V2.0.0, FP-SNS-FLIGHT1_V5.0.1, FP-SNS-FLIGHT1_V5.0.2, FP-SNS-MOTENV1_V4.3.1, FP-SNS-MOTENV1_V4.3.2, FP-SNS-MOTENVWB1_V1.3.1, FP-SNS-SMARTAG2_V1.2.0, STM32Cube_FW_C0_V1.1.0, STM32Cube_FW_F4_V1.28.0, STM32Cube_FW_F7_V1.17.0, STM32Cube_FW_G0_V1.6.2, STM32Cube_FW_G4_V1.5.2, STM32Cube_FW_H5_V0.5.1, STM32Cube_FW_H5_V1.1.1, STM32Cube_FW_H5_V1.2.0RC2, STM32Cube_FW_H7_V1.11.0, STM32Cube_FW_L0_V1.12.2, STM32Cube_FW_L5_V1.5.0, STM32Cube_FW_U5_V1.3.0RC4, STM32Cube_FW_U5_V1.4.0, STM32Cube_FW_WBA_V1.0.0RC1, STM32Cube_FW_WBA_V1.1.0RC1, STM32Cube_FW_WBA_V1.2.0, STM32Cube_FW_WBA_V1.2.0RC2, STM32Cube_FW_WB_V1.15.0RC1, STM32Cube_FW_WB_V1.16.0, STM32Cube_FW_WB_V1.16.0RC2, STM32Cube_FW_WB_V1.18.0, STM32Cube_FW_WL_V1.3.0, X-CUBE-ALGOBUILD_V1.3.0, X-CUBE-ALS_V1.0.1, X-CUBE-AZRTOS-F4_V1.1.0, X-CUBE-AZRTOS-F7_V1.1.0, X-CUBE-AZRTOS-G0_V1.1.0, X-CUBE-AZRTOS-G4_V2.0.0, X-CUBE-AZRTOS-H7_V3.2.0, X-CUBE-AZRTOS-L4_V1.0.0, X-CUBE-AZRTOS-L4_V2.0.0, X-CUBE-AZRTOS-L5_V1.1.0, X-CUBE-AZRTOS-WB_V2.0.0, X-CUBE-AZRTOS-WL_V2.0.0, X-CUBE-BLE1_V7.0.0, X-CUBE-BLE2_V3.3.0, X-CUBE-BLEMGR_V3.0.0, X-CUBE-EEPRMA1_V4.1.0, X-CUBE-EEPRMA1_V5.1.0, X-CUBE-FREERTOS_V1.1.0, X-CUBE-GNSS1_V6.0.0, X-CUBE-MEMS1_V10.0.0, X-CUBE-MEMS1_V9.1.0, X-CUBE-MEMS1_V9.4.0, X-CUBE-MEMS1_V9.6.0, X-CUBE-NFC4_V3.0.0, X-CUBE-NFC7_V1.0.1, X-CUBE-SFXS2LP1_V4.0.0, X-CUBE-SUBG2_V5.0.0, X-CUBE-TOF1_V3.4.0]
2024-03-07 15:04:23,825 [ERROR] DbExamplesSqlite:437 - Missing JSON key: board_cpn
2024-03-07 15:04:23,826 [ERROR] DbExamplesSqlite:437 - Missing JSON key: board_cpn
2024-03-07 15:04:23,826 [ERROR] DbExamplesSqlite:437 - Missing JSON key: board_cpn
2024-03-07 15:04:23,826 [ERROR] DbExamplesSqlite:437 - Missing JSON key: board_cpn
2024-03-07 15:04:23,859 [INFO] DbExamplesSqlite:395 - Ignored 55 examples not supported by CubeIDE
2024-03-07 15:04:23,859 [INFO] DbExamplesSqlite:396 - Found 7564 examples active
2024-03-07 15:04:23,859 [INFO] DbExamplesSqlite:397 - Found 844 examples obsolete
2024-03-07 15:04:23,859 [INFO] DbExamplesSqlite:398 - Found 0 examples under development
2024-03-07 15:04:23,860 [INFO] DbExamplesSqlite:399 - Found 8 examples not building
2024-03-07 15:04:23,861 [INFO] DbExamples:125 - Found 7517 examples
2024-03-07 15:04:23,912 [ERROR] DbExamples:208 - Found 247 examples with invalid data (board or MCU)
2024-03-07 15:04:23,914 [INFO] DbExamples:222 - Found 93 boards with related examples
2024-03-07 15:04:23,914 [INFO] DbExamples:235 - Found 79 MCUs with related examples
2024-03-07 15:04:23,928 [INFO] ApiDb:423 - Load user favorites file C:\Users\steph/.stm32cubeide/favorites.examples.txt: 0 item(s)
2024-03-07 15:04:23,929 [INFO] ApiDb:427 - User favorites Examples=[]
2024-03-07 15:04:23,929 [INFO] DbExamples:250 - Set 0 / 0 favorites Examples
2024-03-07 15:04:24,210 [INFO] McuFinderGlobals:76 - Set McuFinderConnectedMode to true
2024-03-07 15:04:24,218 [INFO] MultiScanPanel:200 - Auto-refresh data requested => check proxy status ongoing
2024-03-07 15:04:24,222 [INFO] FinderPluginLoader:95 - Searching for filters in installed packs
2024-03-07 15:04:25,265 [INFO] LoadUrlFilesThread:185 - End of LoadServerUrlFiles without Thread
2024-03-07 15:04:25,279 [INFO] DetailPanel:341 - Set advertising image to C:/Users/steph/STM32Cube/Repository/\en.prom-stm32wl3-mcu-finder.jpg
2024-03-07 15:06:46,020 [INFO] McuFinderGlobals:76 - Set McuFinderConnectedMode to true
2024-03-07 15:06:46,023 [INFO] ApiDb:448 - Save user favorites file C:\Users\steph/.stm32cubeide/favorites.mcus.txt: 0 item(s)
2024-03-07 15:06:46,023 [INFO] ApiDb:452 - User favorites MCUs=[]
2024-03-07 15:07:38,801 [INFO] LogOutputStream:77 - [STDOUT_REDIRECT] Exception in update check thread
2024-03-07 15:07:38,802 [ERROR] LogOutputStream:75 - [STDERR_REDIRECT] java.lang.IllegalStateException: bundle org.eclipse.equinox.p2.repositoryis not started
2024-03-07 15:07:38,804 [ERROR] LogOutputStream:75 - [STDERR_REDIRECT] 	at org.eclipse.equinox.internal.p2.repository.Activator.getContext(Activator.java:65)
2024-03-07 15:07:38,806 [ERROR] LogOutputStream:75 - [STDERR_REDIRECT] 	at org.eclipse.equinox.internal.p2.repository.helpers.AbstractRepositoryManager.restoreFromSystemProperty(AbstractRepositoryManager.java:1013)
2024-03-07 15:07:38,808 [ERROR] LogOutputStream:75 - [STDERR_REDIRECT] 	at org.eclipse.equinox.internal.p2.repository.helpers.AbstractRepositoryManager.restoreRepositories(AbstractRepositoryManager.java:1033)
2024-03-07 15:07:38,810 [ERROR] LogOutputStream:75 - [STDERR_REDIRECT] 	at org.eclipse.equinox.internal.p2.repository.helpers.AbstractRepositoryManager.sortSuffixes(AbstractRepositoryManager.java:1112)
2024-03-07 15:07:38,812 [ERROR] LogOutputStream:75 - [STDERR_REDIRECT] 	at org.eclipse.equinox.internal.p2.repository.helpers.AbstractRepositoryManager.loadRepository(AbstractRepositoryManager.java:676)
2024-03-07 15:07:38,816 [ERROR] LogOutputStream:75 - [STDERR_REDIRECT] 	at org.eclipse.equinox.internal.p2.metadata.repository.MetadataRepositoryManager.loadRepository(MetadataRepositoryManager.java:110)
2024-03-07 15:07:38,819 [ERROR] LogOutputStream:75 - [STDERR_REDIRECT] 	at org.eclipse.equinox.internal.p2.metadata.repository.MetadataRepositoryManager.loadRepository(MetadataRepositoryManager.java:105)
2024-03-07 15:07:38,820 [ERROR] LogOutputStream:75 - [STDERR_REDIRECT] 	at org.eclipse.equinox.internal.p2.updatechecker.UpdateChecker.getAvailableRepositories(UpdateChecker.java:152)
2024-03-07 15:07:38,821 [ERROR] LogOutputStream:75 - [STDERR_REDIRECT] 	at org.eclipse.equinox.internal.p2.updatechecker.UpdateChecker.checkForUpdates(UpdateChecker.java:130)
2024-03-07 15:07:38,823 [ERROR] LogOutputStream:75 - [STDERR_REDIRECT] 	at org.eclipse.equinox.internal.p2.updatechecker.UpdateChecker$UpdateCheckThread.run(UpdateChecker.java:78)
