2024-02-19 14:06:52,652 [INFO] Activator:176 - 


2024-02-19 14:06:52,653 [INFO] Activator:177 - !SESSION log4j initialized
2024-02-19 14:06:54,845 [INFO] LogOutputStream:77 - [STDOUT_REDIRECT] 
2024-02-19 14:07:07,388 [INFO] ApplicationProperties:184 - Using Application install path: C:\ST\STM32CubeIDE_1.13.1\STM32CubeIDE\plugins\com.st.stm32cube.common.mx_6.9.1.202307191849
2024-02-19 14:07:07,405 [INFO] DbMcusXml:78 - Set database path to: C:\ST\STM32CubeIDE_1.13.1\STM32CubeIDE\plugins\com.st.stm32cube.common.mx_6.9.1.202307191849\\db\/mcu/
2024-02-19 14:07:07,406 [INFO] ApiDb:274 - Set plugin database path to: C:\ST\STM32CubeIDE_1.13.1\STM32CubeIDE\plugins\com.st.stm32cube.common.mx_6.9.1.202307191849\\db\/plugins/boardmanager/
2024-02-19 14:07:07,406 [WARN] ApiDb:259 - Overriding images path with different value:  => C:\ST\STM32CubeIDE_1.13.1\STM32CubeIDE\plugins\com.st.stm32cube.common.mx_6.9.1.202307191849\\db\/plugins/mcufinder/images/
2024-02-19 14:07:07,414 [INFO] ApiDb:250 - Set database path to: C:\Users\steph\.stmcufinder\plugins\mcufinder//mcu/
2024-02-19 14:07:07,416 [INFO] DbMcusAds:125 - Set database path to: C:\Users\steph\.stmcufinder\plugins\mcufinder//mcu/
2024-02-19 14:07:07,419 [INFO] CrossReferenceDbSqlite:203 - Set database path to: C:\Users\steph\.stmcufinder\plugins\mcufinder//mcu/cs/
2024-02-19 14:07:07,520 [INFO] RulesReader:64 - Compatibility file has been processed (293 Rules)
2024-02-19 14:07:07,576 [INFO] DbMcusXml:78 - Set database path to: C:\ST\STM32CubeIDE_1.13.1\STM32CubeIDE\plugins\com.st.stm32cube.common.mx_6.9.1.202307191849\\db\/mcu/
2024-02-19 14:07:07,576 [INFO] ApiDb:274 - Set plugin database path to: C:\ST\STM32CubeIDE_1.13.1\STM32CubeIDE\plugins\com.st.stm32cube.common.mx_6.9.1.202307191849\\db\/plugins/boardmanager/
2024-02-19 14:07:07,576 [INFO] ApiDb:261 - Set plugin images path to: C:\ST\STM32CubeIDE_1.13.1\STM32CubeIDE\plugins\com.st.stm32cube.common.mx_6.9.1.202307191849\\db\/plugins/mcufinder/images/
2024-02-19 14:07:07,576 [WARN] DbFile:41 - Overriding database path with different value: C:\Users\steph\.stmcufinder\plugins\mcufinder/ => C:\Users\steph\.stmcufinder\plugins\mcufinder
2024-02-19 14:07:07,576 [INFO] ApiDb:250 - Set database path to: C:\Users\steph\.stmcufinder\plugins\mcufinder//mcu/
2024-02-19 14:07:07,576 [WARN] DbFile:41 - Overriding database path with different value: C:\Users\steph\.stmcufinder\plugins\mcufinder/ => C:\Users\steph\.stmcufinder\plugins\mcufinder
2024-02-19 14:07:07,576 [INFO] DbMcusAds:125 - Set database path to: C:\Users\steph\.stmcufinder\plugins\mcufinder//mcu/
2024-02-19 14:07:07,576 [WARN] DbFile:41 - Overriding database path with different value: C:\Users\steph\.stmcufinder\plugins\mcufinder/ => C:\Users\steph\.stmcufinder\plugins\mcufinder
2024-02-19 14:07:07,576 [WARN] DbFile:41 - Overriding database path with different value: C:\Users\steph\.stmcufinder\plugins\mcufinder/ => C:\Users\steph\.stmcufinder\plugins\mcufinder
2024-02-19 14:07:07,577 [INFO] CrossReferenceDbSqlite:203 - Set database path to: C:\Users\steph\.stmcufinder\plugins\mcufinder//mcu/cs/
2024-02-19 14:07:07,630 [INFO] MainPanel:262 - HeapMemory: 268435456
2024-02-19 14:07:07,693 [INFO] DbMcusXml:78 - Set database path to: C:\ST\STM32CubeIDE_1.13.1\STM32CubeIDE\plugins\com.st.stm32cube.common.mx_6.9.1.202307191849\\db\/mcu/
2024-02-19 14:07:07,693 [INFO] ApiDb:274 - Set plugin database path to: C:\ST\STM32CubeIDE_1.13.1\STM32CubeIDE\plugins\com.st.stm32cube.common.mx_6.9.1.202307191849\\db\/plugins/boardmanager/
2024-02-19 14:07:07,693 [INFO] ApiDb:261 - Set plugin images path to: C:\ST\STM32CubeIDE_1.13.1\STM32CubeIDE\plugins\com.st.stm32cube.common.mx_6.9.1.202307191849\\db\/plugins/mcufinder/images/
2024-02-19 14:07:07,693 [WARN] DbFile:41 - Overriding database path with different value: C:\Users\steph\.stmcufinder\plugins\mcufinder/ => C:\Users\steph\.stmcufinder\plugins\mcufinder
2024-02-19 14:07:07,693 [INFO] ApiDb:250 - Set database path to: C:\Users\steph\.stmcufinder\plugins\mcufinder//mcu/
2024-02-19 14:07:07,693 [WARN] DbFile:41 - Overriding database path with different value: C:\Users\steph\.stmcufinder\plugins\mcufinder/ => C:\Users\steph\.stmcufinder\plugins\mcufinder
2024-02-19 14:07:07,693 [INFO] DbMcusAds:125 - Set database path to: C:\Users\steph\.stmcufinder\plugins\mcufinder//mcu/
2024-02-19 14:07:07,693 [WARN] DbFile:41 - Overriding database path with different value: C:\Users\steph\.stmcufinder\plugins\mcufinder/ => C:\Users\steph\.stmcufinder\plugins\mcufinder
2024-02-19 14:07:07,694 [WARN] DbFile:41 - Overriding database path with different value: C:\Users\steph\.stmcufinder\plugins\mcufinder/ => C:\Users\steph\.stmcufinder\plugins\mcufinder
2024-02-19 14:07:07,694 [INFO] CrossReferenceDbSqlite:203 - Set database path to: C:\Users\steph\.stmcufinder\plugins\mcufinder//mcu/cs/
2024-02-19 14:07:07,709 [INFO] ApplicationProperties:184 - Using Application install path: C:\ST\STM32CubeIDE_1.13.1\STM32CubeIDE\plugins\com.st.stm32cube.common.mx_6.9.1.202307191849
2024-02-19 14:07:07,710 [INFO] PluginManage:196 - Search for loadable plugins [exclusion list=, ]
2024-02-19 14:07:07,711 [INFO] PluginManage:310 - Check plugin analytics
2024-02-19 14:07:07,821 [INFO] AnalyticsPlugin:253 - Accepted Software Licenses: 
2024-02-19 14:07:07,821 [INFO] AnalyticsPlugin:255 - Accepted CMSIS Pack Licenses: 
2024-02-19 14:07:07,821 [INFO] AnalyticsPlugin:257 - Accepted Firmware Licenses: 
2024-02-19 14:07:07,823 [INFO] PluginManage:359 - Loaded plugin analytics (category:tool,tabindex:-1)
2024-02-19 14:07:07,823 [INFO] PluginManage:310 - Check plugin cadmodel
2024-02-19 14:07:07,826 [INFO] CADModel:105 - Init CAD model plugin
2024-02-19 14:07:07,826 [INFO] PluginManage:359 - Loaded plugin cadmodel (category:power,tabindex:5)
2024-02-19 14:07:07,826 [INFO] PluginManage:310 - Check plugin clock
2024-02-19 14:07:07,834 [INFO] PluginManage:359 - Loaded plugin clock (category:base,tabindex:2)
2024-02-19 14:07:07,834 [INFO] PluginManage:310 - Check plugin ddr
2024-02-19 14:07:07,837 [INFO] PluginManage:359 - Loaded plugin ddr (category:tool,tabindex:6)
2024-02-19 14:07:07,837 [INFO] PluginManage:310 - Check plugin filemanager
2024-02-19 14:07:07,924 [INFO] PluginManage:359 - Loaded plugin filemanager (category:base,tabindex:10)
2024-02-19 14:07:07,924 [INFO] PluginManage:310 - Check plugin ipmanager
2024-02-19 14:07:07,929 [INFO] PluginManage:359 - Loaded plugin ipmanager (category:base,tabindex:5)
2024-02-19 14:07:07,929 [INFO] PluginManage:310 - Check plugin lpbam
2024-02-19 14:07:07,935 [INFO] PluginManage:359 - Loaded plugin lpbam (category:base,tabindex:0)
2024-02-19 14:07:07,936 [INFO] PluginManage:310 - Check plugin memorymap
2024-02-19 14:07:07,943 [INFO] PluginManage:359 - Loaded plugin memorymap (category:base,tabindex:4)
2024-02-19 14:07:07,943 [INFO] PluginManage:310 - Check plugin pinoutandconfiguration
2024-02-19 14:07:07,947 [INFO] PluginManage:359 - Loaded plugin pinoutandconfiguration (category:base,tabindex:1)
2024-02-19 14:07:07,948 [INFO] PluginManage:310 - Check plugin pinoutconfig
2024-02-19 14:07:08,010 [WARN] SupportedApi:132 - Cannot load RTOS API schema: s4s-elt-must-match.1: The content of 'definitions' must match (annotation?, (simpleType | complexType)?, (unique | key | keyref)*)). A problem was found starting at: attribute.
2024-02-19 14:07:08,108 [INFO] PluginManage:359 - Loaded plugin pinoutconfig (category:base,tabindex:0)
2024-02-19 14:07:08,108 [INFO] PluginManage:310 - Check plugin power
2024-02-19 14:07:08,113 [INFO] PluginManage:359 - Loaded plugin power (category:power,tabindex:4)
2024-02-19 14:07:08,113 [INFO] PluginManage:310 - Check plugin projectmanager
2024-02-19 14:07:08,124 [INFO] PluginManage:359 - Loaded plugin projectmanager (category:projectmanager,tabindex:3)
2024-02-19 14:07:08,124 [INFO] PluginManage:310 - Check plugin thirdparty
2024-02-19 14:07:08,212 [INFO] PluginManage:359 - Loaded plugin thirdparty (category:base,tabindex:-1)
2024-02-19 14:07:08,213 [INFO] PluginManage:310 - Check plugin tools
2024-02-19 14:07:08,213 [WARN] IntegrityCheckThread:84 - waiting for thirdparty lock release [integrity check]
2024-02-19 14:07:08,213 [INFO] IntegrityCheckThread:86 - entering critical section [integrity check]
2024-02-19 14:07:08,213 [INFO] ThirdPartyUpdaterWithRetryManager:70 - Updater plugin not ready yet. [1/15]
2024-02-19 14:07:08,215 [INFO] PluginManage:359 - Loaded plugin tools (category:base,tabindex:7)
2024-02-19 14:07:08,215 [INFO] PluginManage:310 - Check plugin tutovideos
2024-02-19 14:07:08,345 [INFO] PluginManage:359 - Loaded plugin tutovideos (category:base,tabindex:-1)
2024-02-19 14:07:08,345 [INFO] PluginManage:310 - Check plugin updater
2024-02-19 14:07:08,353 [INFO] PluginManage:359 - Loaded plugin updater (category:base,tabindex:12)
2024-02-19 14:07:08,354 [INFO] PluginManage:310 - Check plugin userauth
2024-02-19 14:07:08,359 [INFO] UserAuth:113 - Init User Auth plugin
2024-02-19 14:07:08,359 [INFO] PluginManage:359 - Loaded plugin userauth (category:base,tabindex:14)
2024-02-19 14:07:08,359 [INFO] PluginManage:283 - PluginManage : Loaded plugins [17]
2024-02-19 14:07:08,519 [INFO] PinOutPanel:1499 - setPackage(No Configuration,No Configuration)
2024-02-19 14:07:08,598 [INFO] CADModel:165 - CPN selected for project level
2024-02-19 14:07:08,599 [INFO] CADModel:114 - Register for checkConnection events
2024-02-19 14:07:08,610 [INFO] IPUIPlugin:80 - create IPUIPlugin
2024-02-19 14:07:08,611 [INFO] PluginManager:220 - loadIPPluginJar : add adc
2024-02-19 14:07:08,613 [INFO] IPUIPlugin:80 - create IPUIPlugin
2024-02-19 14:07:08,613 [INFO] PluginManager:220 - loadIPPluginJar : add aes
2024-02-19 14:07:08,616 [INFO] IPUIPlugin:80 - create IPUIPlugin
2024-02-19 14:07:08,616 [INFO] PluginManager:220 - loadIPPluginJar : add can
2024-02-19 14:07:08,618 [INFO] IPUIPlugin:80 - create IPUIPlugin
2024-02-19 14:07:08,618 [INFO] PluginManager:220 - loadIPPluginJar : add comp
2024-02-19 14:07:08,620 [INFO] IPUIPlugin:80 - create IPUIPlugin
2024-02-19 14:07:08,620 [INFO] PluginManager:220 - loadIPPluginJar : add cryp
2024-02-19 14:07:08,622 [INFO] IPUIPlugin:80 - create IPUIPlugin
2024-02-19 14:07:08,622 [INFO] PluginManager:220 - loadIPPluginJar : add dfsdm
2024-02-19 14:07:08,637 [INFO] IPUIPlugin:80 - create IPUIPlugin
2024-02-19 14:07:08,637 [INFO] PluginManager:220 - loadIPPluginJar : add dma
2024-02-19 14:07:08,639 [INFO] IPUIPlugin:80 - create IPUIPlugin
2024-02-19 14:07:08,639 [INFO] PluginManager:220 - loadIPPluginJar : add dma3
2024-02-19 14:07:08,640 [INFO] IPUIPlugin:80 - create IPUIPlugin
2024-02-19 14:07:08,640 [INFO] PluginManager:220 - loadIPPluginJar : add fatfs
2024-02-19 14:07:08,645 [INFO] IPUIPlugin:80 - create IPUIPlugin
2024-02-19 14:07:08,645 [INFO] PluginManager:220 - loadIPPluginJar : add fmc
2024-02-19 14:07:08,657 [INFO] IPUIPlugin:80 - create IPUIPlugin
2024-02-19 14:07:08,657 [INFO] PluginManager:220 - loadIPPluginJar : add freertos
2024-02-19 14:07:08,658 [INFO] IPUIPlugin:80 - create IPUIPlugin
2024-02-19 14:07:08,658 [INFO] PluginManager:220 - loadIPPluginJar : add genericplugin
2024-02-19 14:07:08,661 [INFO] IPUIPlugin:80 - create IPUIPlugin
2024-02-19 14:07:08,661 [INFO] PluginManager:220 - loadIPPluginJar : add gfxmmu
2024-02-19 14:07:08,665 [INFO] IPUIPlugin:80 - create IPUIPlugin
2024-02-19 14:07:08,665 [INFO] PluginManager:220 - loadIPPluginJar : add gic
2024-02-19 14:07:08,669 [INFO] IPUIPlugin:80 - create IPUIPlugin
2024-02-19 14:07:08,669 [INFO] PluginManager:220 - loadIPPluginJar : add gpio
2024-02-19 14:07:08,671 [INFO] IPUIPlugin:80 - create IPUIPlugin
2024-02-19 14:07:08,671 [INFO] PluginManager:220 - loadIPPluginJar : add gtzc
2024-02-19 14:07:08,673 [INFO] IPUIPlugin:80 - create IPUIPlugin
2024-02-19 14:07:08,673 [INFO] PluginManager:220 - loadIPPluginJar : add hash
2024-02-19 14:07:08,675 [INFO] IPUIPlugin:80 - create IPUIPlugin
2024-02-19 14:07:08,675 [INFO] PluginManager:220 - loadIPPluginJar : add i2c
2024-02-19 14:07:08,678 [INFO] IPUIPlugin:80 - create IPUIPlugin
2024-02-19 14:07:08,678 [INFO] PluginManager:220 - loadIPPluginJar : add i2s
2024-02-19 14:07:08,680 [INFO] IPUIPlugin:80 - create IPUIPlugin
2024-02-19 14:07:08,681 [INFO] PluginManager:220 - loadIPPluginJar : add i3c
2024-02-19 14:07:08,683 [INFO] IPUIPlugin:80 - create IPUIPlugin
2024-02-19 14:07:08,683 [INFO] PluginManager:220 - loadIPPluginJar : add ipddr
2024-02-19 14:07:08,688 [INFO] IPUIPlugin:80 - create IPUIPlugin
2024-02-19 14:07:08,689 [INFO] PluginManager:220 - loadIPPluginJar : add linkedlist
2024-02-19 14:07:08,691 [INFO] IPUIPlugin:80 - create IPUIPlugin
2024-02-19 14:07:08,691 [INFO] PluginManager:220 - loadIPPluginJar : add lorawan
2024-02-19 14:07:08,692 [INFO] IPUIPlugin:80 - create IPUIPlugin
2024-02-19 14:07:08,692 [INFO] PluginManager:220 - loadIPPluginJar : add ltdc
2024-02-19 14:07:08,696 [INFO] IPUIPlugin:80 - create IPUIPlugin
2024-02-19 14:07:08,696 [INFO] PluginManager:220 - loadIPPluginJar : add mdma
2024-02-19 14:07:08,698 [INFO] IPUIPlugin:80 - create IPUIPlugin
2024-02-19 14:07:08,698 [INFO] PluginManager:220 - loadIPPluginJar : add nvic
2024-02-19 14:07:08,701 [INFO] IPUIPlugin:80 - create IPUIPlugin
2024-02-19 14:07:08,701 [INFO] PluginManager:220 - loadIPPluginJar : add opamp
2024-02-19 14:07:08,703 [INFO] IPUIPlugin:80 - create IPUIPlugin
2024-02-19 14:07:08,703 [INFO] PluginManager:220 - loadIPPluginJar : add openamp
2024-02-19 14:07:08,705 [INFO] IPUIPlugin:80 - create IPUIPlugin
2024-02-19 14:07:08,705 [INFO] PluginManager:220 - loadIPPluginJar : add pdm2pcm
2024-02-19 14:07:08,709 [INFO] IPUIPlugin:80 - create IPUIPlugin
2024-02-19 14:07:08,710 [INFO] PluginManager:220 - loadIPPluginJar : add plateformsettings
2024-02-19 14:07:08,711 [INFO] IPUIPlugin:80 - create IPUIPlugin
2024-02-19 14:07:08,711 [INFO] PluginManager:220 - loadIPPluginJar : add quadspi
2024-02-19 14:07:08,713 [INFO] IPUIPlugin:80 - create IPUIPlugin
2024-02-19 14:07:08,713 [INFO] PluginManager:220 - loadIPPluginJar : add resmgrutility
2024-02-19 14:07:08,715 [INFO] IPUIPlugin:80 - create IPUIPlugin
2024-02-19 14:07:08,715 [INFO] PluginManager:220 - loadIPPluginJar : add sai
2024-02-19 14:07:08,716 [INFO] IPUIPlugin:80 - create IPUIPlugin
2024-02-19 14:07:08,716 [INFO] PluginManager:220 - loadIPPluginJar : add spi
2024-02-19 14:07:08,720 [INFO] IPUIPlugin:80 - create IPUIPlugin
2024-02-19 14:07:08,720 [INFO] PluginManager:220 - loadIPPluginJar : add stm32_wpan
2024-02-19 14:07:08,721 [INFO] IPUIPlugin:80 - create IPUIPlugin
2024-02-19 14:07:08,721 [INFO] PluginManager:220 - loadIPPluginJar : add tim
2024-02-19 14:07:08,723 [INFO] IPUIPlugin:80 - create IPUIPlugin
2024-02-19 14:07:08,723 [INFO] PluginManager:220 - loadIPPluginJar : add touchsensing
2024-02-19 14:07:08,724 [INFO] IPUIPlugin:80 - create IPUIPlugin
2024-02-19 14:07:08,724 [INFO] PluginManager:220 - loadIPPluginJar : add tracer_emb
2024-02-19 14:07:08,725 [INFO] IPUIPlugin:80 - create IPUIPlugin
2024-02-19 14:07:08,725 [INFO] PluginManager:220 - loadIPPluginJar : add ts
2024-02-19 14:07:08,726 [INFO] IPUIPlugin:80 - create IPUIPlugin
2024-02-19 14:07:08,726 [INFO] PluginManager:220 - loadIPPluginJar : add tsc
2024-02-19 14:07:08,727 [INFO] IPUIPlugin:80 - create IPUIPlugin
2024-02-19 14:07:08,727 [INFO] PluginManager:220 - loadIPPluginJar : add ucpd
2024-02-19 14:07:08,729 [INFO] IPUIPlugin:80 - create IPUIPlugin
2024-02-19 14:07:08,729 [INFO] PluginManager:220 - loadIPPluginJar : add usart
2024-02-19 14:07:08,731 [INFO] IPUIPlugin:80 - create IPUIPlugin
2024-02-19 14:07:08,731 [INFO] PluginManager:220 - loadIPPluginJar : add usbx
2024-02-19 14:07:08,836 [INFO] CADModel:165 - CPN selected for project level
2024-02-19 14:07:08,836 [INFO] CADModel:114 - Register for checkConnection events
2024-02-19 14:07:08,837 [FATAL] Updater:308 - Updater called before beeing initialized
2024-02-19 14:07:08,837 [ERROR] CADModel:125 - Updater not yet initialized, retry later 
2024-02-19 14:07:08,944 [INFO] CADModel:165 - CPN selected for project level
2024-02-19 14:07:08,944 [INFO] CADModel:114 - Register for checkConnection events
2024-02-19 14:07:08,944 [FATAL] Updater:308 - Updater called before beeing initialized
2024-02-19 14:07:08,944 [ERROR] CADModel:125 - Updater not yet initialized, retry later 
2024-02-19 14:07:08,946 [FATAL] Updater:308 - Updater called before beeing initialized
2024-02-19 14:07:09,031 [FATAL] Updater:308 - Updater called before beeing initialized
2024-02-19 14:07:09,035 [INFO] DbMcusAds:53 - JSON generation date=Wed Nov 29 05:52:27 EST 2023 (1701255147349)
2024-02-19 14:07:09,035 [FATAL] Updater:308 - Updater called before beeing initialized
2024-02-19 14:07:09,062 [WARN] DetailPanel:346 - Failed to get advertising image, set to default
2024-02-19 14:07:09,138 [FATAL] Updater:308 - Updater called before beeing initialized
2024-02-19 14:07:09,140 [FATAL] Updater:308 - Updater called before beeing initialized
2024-02-19 14:07:09,140 [FATAL] Updater:308 - Updater called before beeing initialized
2024-02-19 14:07:09,140 [WARN] DetailPanel:346 - Failed to get advertising image, set to default
2024-02-19 14:07:09,141 [FATAL] Updater:308 - Updater called before beeing initialized
2024-02-19 14:07:09,175 [ERROR] Updater:1120 - MainUpdater not yet initialized. External WinMGr cannot be set.
2024-02-19 14:07:09,176 [INFO] Updater:1056 - Updater Version found : 6.9.1
2024-02-19 14:07:09,191 [INFO] ApplicationProperties:184 - Using Application install path: C:\ST\STM32CubeIDE_1.13.1\STM32CubeIDE\plugins\com.st.stm32cube.common.mx_6.9.1.202307191849
2024-02-19 14:07:10,655 [INFO] MainUpdater:2868 - connection check result : 10
2024-02-19 14:07:10,656 [INFO] MainUpdater:285 - Updater Check For Update Now.
2024-02-19 14:07:10,656 [INFO] MicroXplorer:498 - Change Database Version : DB.6.0.91
2024-02-19 14:07:10,661 [INFO] McuFinderGlobals:63 - Set McuFinder mode to 2 (CubeIDE integrated)
2024-02-19 14:07:10,824 [INFO] CheckServerUpdateThread:120 - End of CheckServer Thread
2024-02-19 14:07:11,356 [WARN] PackLoader:240 - Cannot read IP mode file for STMicroelectronics.X-CUBE-SMBUS.2.1.0
2024-02-19 14:07:11,363 [WARN] PackLoader:240 - Cannot read IP mode file for STMicroelectronics.X-CUBE-TOUCHGFX.4.23.0
2024-02-19 14:07:11,393 [WARN] PackLoader:240 - Cannot read IP mode file for STMicroelectronics.X-CUBE-AZRTOS-F7.1.1.0
2024-02-19 14:07:11,404 [WARN] PackLoader:240 - Cannot read IP mode file for STMicroelectronics.FP-SNS-MOTENV1.4.3.2
2024-02-19 14:07:11,410 [WARN] PackLoader:240 - Cannot read IP mode file for STMicroelectronics.FP-SNS-FLIGHT1.5.0.2
2024-02-19 14:07:11,419 [WARN] PackLoader:240 - Cannot read IP mode file for STMicroelectronics.X-CUBE-DISPLAY.3.0.0
2024-02-19 14:07:11,430 [WARN] PackLoader:240 - Cannot read IP mode file for STMicroelectronics.X-CUBE-BLE1.7.0.0
2024-02-19 14:07:11,434 [WARN] PackLoader:240 - Cannot read IP mode file for emotas.I-CUBE-CANOPEN.1.3.0
2024-02-19 14:07:11,437 [WARN] PackLoader:240 - Cannot read IP mode file for STMicroelectronics.X-CUBE-TOUCHGFX.4.22.0
2024-02-19 14:07:11,439 [WARN] PackLoader:240 - Cannot read IP mode file for STMicroelectronics.X-CUBE-TOUCHGFX.4.22.1
2024-02-19 14:07:11,443 [WARN] PackLoader:240 - Cannot read IP mode file for STMicroelectronics.FP-SNS-SMARTAG2.1.2.0
2024-02-19 14:07:11,452 [INFO] LogOutputStream:77 - [STDOUT_REDIRECT] 1 : Invalid condition id : UX_CORESTACK_Condition cause : null
2024-02-19 14:07:11,452 [INFO] LogOutputStream:77 - [STDOUT_REDIRECT] 1 : Invalid condition id : UX_CORESTACK_Condition cause : null
2024-02-19 14:07:11,453 [INFO] LogOutputStream:77 - [STDOUT_REDIRECT] 1 : Invalid condition id : UX_CORESTACK_Condition cause : null
2024-02-19 14:07:11,454 [INFO] LogOutputStream:77 - [STDOUT_REDIRECT] 1 : Invalid condition id : UX_CORESTACK_Condition cause : null
2024-02-19 14:07:11,455 [INFO] LogOutputStream:77 - [STDOUT_REDIRECT] 1 : Invalid condition id : UX_CORESTACK_Condition cause : null
2024-02-19 14:07:11,459 [WARN] PackLoader:240 - Cannot read IP mode file for STMicroelectronics.X-CUBE-AZRTOS-WL.2.0.0
2024-02-19 14:07:11,466 [WARN] PackLoader:240 - Cannot read IP mode file for WES.I-CUBE-Cesium.1.3.0
2024-02-19 14:07:11,471 [WARN] PackLoader:240 - Cannot read IP mode file for STMicroelectronics.X-CUBE-BLE2.3.3.0
2024-02-19 14:07:11,477 [WARN] PackLoader:240 - Cannot read IP mode file for STMicroelectronics.X-CUBE-ALGOBUILD.1.3.0
2024-02-19 14:07:11,492 [WARN] PackLoader:240 - Cannot read IP mode file for STMicroelectronics.X-CUBE-AZRTOS-G0.1.1.0
2024-02-19 14:07:11,498 [WARN] PackLoader:240 - Cannot read IP mode file for STMicroelectronics.X-CUBE-NFC4.3.0.0
2024-02-19 14:07:11,507 [WARN] PackLoader:240 - Cannot read IP mode file for STMicroelectronics.X-CUBE-BLEMGR.3.0.0
2024-02-19 14:07:11,512 [WARN] PackLoader:240 - Cannot read IP mode file for STMicroelectronics.FP-ATR-SIGFOX1.3.2.0
2024-02-19 14:07:11,517 [WARN] PackLoader:240 - Cannot read IP mode file for STMicroelectronics.X-CUBE-EEPRMA1.5.1.0
2024-02-19 14:07:11,557 [WARN] PackLoader:240 - Cannot read IP mode file for SEGGER.I-CUBE-embOS.1.3.1
2024-02-19 14:07:11,585 [WARN] PackLoader:240 - Cannot read IP mode file for STMicroelectronics.X-CUBE-GNSS1.6.0.0
2024-02-19 14:07:11,597 [WARN] PackLoader:240 - Cannot read IP mode file for STMicroelectronics.X-CUBE-AZRTOS-F4.1.1.0
2024-02-19 14:07:11,604 [WARN] PackLoader:240 - Cannot read IP mode file for wolfSSL.I-CUBE-wolfSSL.5.6.3
2024-02-19 14:07:11,616 [WARN] PackLoader:240 - Cannot read IP mode file for STMicroelectronics.X-CUBE-AZRTOS-L5.2.0.0
2024-02-19 14:07:11,646 [WARN] PackLoader:240 - Cannot read IP mode file for STMicroelectronics.X-CUBE-MEMS1.9.6.0
2024-02-19 14:07:11,758 [WARN] PackLoader:240 - Cannot read IP mode file for STMicroelectronics.X-CUBE-EEPRMA1.4.2.0
2024-02-19 14:07:11,762 [WARN] PackLoader:240 - Cannot read IP mode file for ITTIA_DB.I-CUBE-ITTIADB.8.8.0
2024-02-19 14:07:11,766 [WARN] PackLoader:240 - Cannot read IP mode file for STMicroelectronics.X-CUBE-BLEMGR.2.0.0
2024-02-19 14:07:11,778 [WARN] ConditionMgr:438 - getConditionDescription Invalid condition id : UX DEVICE CLASS RTOS Condition cause : null
2024-02-19 14:07:11,778 [WARN] ConditionMgr:438 - getConditionDescription Invalid condition id : UX DEVICE CLASS RTOS Condition cause : null
2024-02-19 14:07:11,780 [WARN] PackLoader:240 - Cannot read IP mode file for STMicroelectronics.X-CUBE-AZRTOS-H7.3.1.0
2024-02-19 14:07:11,781 [WARN] ConditionMgr:1039 - genDependencies : Invalid condition id : UX DEVICE CLASS RTOS Condition cause : null
2024-02-19 14:07:11,781 [WARN] ConditionMgr:1039 - genDependencies : Invalid condition id : UX DEVICE CLASS RTOS Condition cause : null
2024-02-19 14:07:11,782 [WARN] ConditionMgr:1039 - genDependencies : Invalid condition id : UX DEVICE CLASS RTOS Condition cause : null
2024-02-19 14:07:11,782 [WARN] ConditionMgr:1039 - genDependencies : Invalid condition id : UX DEVICE CLASS RTOS Condition cause : null
2024-02-19 14:07:11,782 [WARN] ConditionMgr:1039 - genDependencies : Invalid condition id : UX DEVICE CLASS RTOS Condition cause : null
2024-02-19 14:07:11,788 [WARN] PackLoader:240 - Cannot read IP mode file for STMicroelectronics.X-CUBE-NFC7.1.0.1
2024-02-19 14:07:11,793 [WARN] PackLoader:240 - Cannot read IP mode file for STMicroelectronics.X-CUBE-NFC6.3.0.0
2024-02-19 14:07:11,797 [WARN] PackLoader:240 - Cannot read IP mode file for STMicroelectronics.X-CUBE-EEPRMA1.4.1.0
2024-02-19 14:07:11,801 [WARN] PackLoader:240 - Cannot read IP mode file for STMicroelectronics.X-CUBE-AI.8.1.0
2024-02-19 14:07:11,813 [WARN] ConditionMgr:438 - getConditionDescription Invalid condition id : LAN8742 Phy interface Condition cause : null
2024-02-19 14:07:11,813 [WARN] PackLoader:240 - Cannot read IP mode file for STMicroelectronics.X-CUBE-AZRTOS-L4.2.0.0
2024-02-19 14:07:11,814 [WARN] ConditionMgr:1039 - genDependencies : Invalid condition id : LAN8742 Phy interface Condition cause : null
2024-02-19 14:07:11,814 [WARN] ConditionMgr:1039 - genDependencies : Invalid condition id : LAN8742 Phy interface Condition cause : null
2024-02-19 14:07:11,814 [WARN] ConditionMgr:1039 - genDependencies : Invalid condition id : LAN8742 Phy interface Condition cause : null
2024-02-19 14:07:11,820 [WARN] PackLoader:240 - Cannot read IP mode file for STMicroelectronics.X-CUBE-SFXS2LP1.4.0.0
2024-02-19 14:07:11,824 [WARN] PackLoader:240 - Cannot read IP mode file for STMicroelectronics.X-CUBE-ISPU.1.1.0
2024-02-19 14:07:11,832 [WARN] ConditionMgr:438 - getConditionDescription Invalid condition id : UX DEVICE CLASS RTOS Condition cause : null
2024-02-19 14:07:11,832 [WARN] ConditionMgr:438 - getConditionDescription Invalid condition id : UX DEVICE CLASS RTOS Condition cause : null
2024-02-19 14:07:11,833 [WARN] PackLoader:240 - Cannot read IP mode file for STMicroelectronics.X-CUBE-AZRTOS-WB.2.0.0
2024-02-19 14:07:11,834 [WARN] ConditionMgr:1039 - genDependencies : Invalid condition id : UX DEVICE CLASS RTOS Condition cause : null
2024-02-19 14:07:11,834 [WARN] ConditionMgr:1039 - genDependencies : Invalid condition id : UX DEVICE CLASS RTOS Condition cause : null
2024-02-19 14:07:11,834 [WARN] ConditionMgr:1039 - genDependencies : Invalid condition id : UX DEVICE CLASS RTOS Condition cause : null
2024-02-19 14:07:11,834 [WARN] ConditionMgr:1039 - genDependencies : Invalid condition id : UX DEVICE CLASS RTOS Condition cause : null
2024-02-19 14:07:11,834 [WARN] ConditionMgr:1039 - genDependencies : Invalid condition id : UX DEVICE CLASS RTOS Condition cause : null
2024-02-19 14:07:11,842 [WARN] PackLoader:240 - Cannot read IP mode file for STMicroelectronics.X-CUBE-SUBG2.5.0.0
2024-02-19 14:07:11,857 [WARN] PackLoader:240 - Cannot read IP mode file for STMicroelectronics.X-CUBE-TOF1.3.3.1
2024-02-19 14:07:11,872 [WARN] PackLoader:240 - Cannot read IP mode file for STMicroelectronics.X-CUBE-AZRTOS-G4.2.0.0
2024-02-19 14:07:11,880 [WARN] PackLoader:240 - Cannot read IP mode file for Infineon.AIROC-Wi-Fi-Bluetooth-STM32.1.5.1
2024-02-19 14:07:11,884 [WARN] PackLoader:240 - Cannot read IP mode file for STMicroelectronics.FP-SNS-MOTENVWB1.1.3.1
2024-02-19 14:07:11,887 [WARN] PackLoader:240 - Cannot read IP mode file for STMicroelectronics.X-CUBE-ISPU.2.0.0
2024-02-19 14:07:11,910 [WARN] PackLoader:240 - Cannot read IP mode file for STMicroelectronics.X-CUBE-MEMS1.10.0.0
2024-02-19 14:07:11,980 [WARN] PackLoader:240 - Cannot read IP mode file for STMicroelectronics.X-CUBE-FREERTOS.1.1.0
2024-02-19 14:07:11,984 [WARN] PackLoader:240 - Cannot read IP mode file for portGmbH.I-Cube-SoM-uGOAL.1.1.0
2024-02-19 14:07:11,987 [WARN] PackLoader:240 - Cannot read IP mode file for STMicroelectronics.X-CUBE-ALS.1.0.1
2024-02-19 14:07:11,990 [WARN] PackLoader:240 - Cannot read IP mode file for STMicroelectronics.FP-ATR-ASTRA1.2.0.0
2024-02-19 14:07:11,995 [WARN] PackLoader:240 - Cannot read IP mode file for STMicroelectronics.X-CUBE-TOF1.3.4.0
2024-02-19 14:07:12,011 [WARN] PackLoader:240 - Cannot read IP mode file for STMicroelectronics.X-CUBE-AZRTOS-H7.3.2.0
2024-02-19 14:07:12,014 [INFO] ThirdParty:978 - Integrity check success = true
2024-02-19 14:07:12,014 [INFO] IntegrityCheckThread:100 - exiting critical section [integrity check]
2024-02-19 14:07:12,014 [INFO] IntegrityCheckThread:103 - End integrity checks thread
2024-02-19 14:07:31,126 [ERROR] LogOutputStream:75 - [STDERR_REDIRECT] SLF4J: Failed to load class "org.slf4j.impl.StaticLoggerBinder".
2024-02-19 14:07:31,126 [ERROR] LogOutputStream:75 - [STDERR_REDIRECT] SLF4J: Defaulting to no-operation (NOP) logger implementation
2024-02-19 14:07:31,127 [ERROR] LogOutputStream:75 - [STDERR_REDIRECT] SLF4J: See http://www.slf4j.org/codes.html#StaticLoggerBinder for further details.
2024-02-19 14:09:02,484 [INFO] LogOutputStream:77 - [STDOUT_REDIRECT] Unexpected error loading extension: org.eclipse.equinox.p2.metadata.repository.compositeRepository
2024-02-19 14:09:02,486 [ERROR] LogOutputStream:75 - [STDERR_REDIRECT] java.lang.IllegalStateException: bundle org.eclipse.equinox.p2.repositoryis not started
2024-02-19 14:09:02,487 [ERROR] LogOutputStream:75 - [STDERR_REDIRECT] 	at org.eclipse.equinox.internal.p2.repository.Activator.getContext(Activator.java:65)
2024-02-19 14:09:02,489 [ERROR] LogOutputStream:75 - [STDERR_REDIRECT] 	at org.eclipse.equinox.internal.p2.repository.helpers.AbstractRepositoryManager.restoreFromSystemProperty(AbstractRepositoryManager.java:1013)
2024-02-19 14:09:02,490 [ERROR] LogOutputStream:75 - [STDERR_REDIRECT] 	at org.eclipse.equinox.internal.p2.repository.helpers.AbstractRepositoryManager.restoreRepositories(AbstractRepositoryManager.java:1033)
2024-02-19 14:09:02,492 [ERROR] LogOutputStream:75 - [STDERR_REDIRECT] 	at org.eclipse.equinox.internal.p2.repository.helpers.AbstractRepositoryManager.sortSuffixes(AbstractRepositoryManager.java:1112)
2024-02-19 14:09:02,493 [ERROR] LogOutputStream:75 - [STDERR_REDIRECT] 	at org.eclipse.equinox.internal.p2.repository.helpers.AbstractRepositoryManager.loadRepository(AbstractRepositoryManager.java:676)
2024-02-19 14:09:02,495 [ERROR] LogOutputStream:75 - [STDERR_REDIRECT] 	at org.eclipse.equinox.internal.p2.metadata.repository.MetadataRepositoryManager.loadRepository(MetadataRepositoryManager.java:110)
2024-02-19 14:09:02,496 [ERROR] LogOutputStream:75 - [STDERR_REDIRECT] 	at org.eclipse.equinox.internal.p2.metadata.repository.MetadataRepositoryManager.loadRepository(MetadataRepositoryManager.java:105)
2024-02-19 14:09:02,498 [ERROR] LogOutputStream:75 - [STDERR_REDIRECT] 	at org.eclipse.equinox.internal.p2.metadata.repository.CompositeMetadataRepository.addChild(CompositeMetadataRepository.java:171)
2024-02-19 14:09:02,499 [ERROR] LogOutputStream:75 - [STDERR_REDIRECT] 	at org.eclipse.equinox.internal.p2.metadata.repository.CompositeMetadataRepository.<init>(CompositeMetadataRepository.java:113)
2024-02-19 14:09:02,500 [ERROR] LogOutputStream:75 - [STDERR_REDIRECT] 	at org.eclipse.equinox.internal.p2.metadata.repository.CompositeMetadataRepositoryFactory.load(CompositeMetadataRepositoryFactory.java:124)
2024-02-19 14:09:02,505 [ERROR] LogOutputStream:75 - [STDERR_REDIRECT] 	at org.eclipse.equinox.internal.p2.metadata.repository.MetadataRepositoryManager.factoryLoad(MetadataRepositoryManager.java:63)
2024-02-19 14:09:02,506 [ERROR] LogOutputStream:75 - [STDERR_REDIRECT] 	at org.eclipse.equinox.internal.p2.repository.helpers.AbstractRepositoryManager.loadRepository(AbstractRepositoryManager.java:787)
2024-02-19 14:09:02,508 [ERROR] LogOutputStream:75 - [STDERR_REDIRECT] 	at org.eclipse.equinox.internal.p2.repository.helpers.AbstractRepositoryManager.loadRepository(AbstractRepositoryManager.java:685)
2024-02-19 14:09:02,509 [ERROR] LogOutputStream:75 - [STDERR_REDIRECT] 	at org.eclipse.equinox.internal.p2.metadata.repository.MetadataRepositoryManager.loadRepository(MetadataRepositoryManager.java:110)
